Starting enum4linux v0.8.9 ( http://labs.portcullis.co.uk/application/enum4linux/ ) on Thu Apr 16 11:45:03 2020

 ========================== 
|    Target Information    |
 ========================== 
Target ........... 10.10.209.210
RID Range ........ 500-550,1000-1050
Username ......... ''
Password ......... ''
Known Usernames .. administrator, guest, krbtgt, domain admins, root, bin, none


 ===================================================== 
|    Enumerating Workgroup/Domain on 10.10.209.210    |
 ===================================================== 
[+] Got domain/workgroup name: WORKGROUP

 ============================================= 
|    Nbtstat Information for 10.10.209.210    |
 ============================================= 
Looking up status of 10.10.209.210
	BLUEPRINT       <00> -         B <ACTIVE>  Workstation Service
	WORKGROUP       <00> - <GROUP> B <ACTIVE>  Domain/Workgroup Name
	BLUEPRINT       <20> -         B <ACTIVE>  File Server Service
	WORKGROUP       <1e> - <GROUP> B <ACTIVE>  Browser Service Elections
	WORKGROUP       <1d> -         B <ACTIVE>  Master Browser
	..__MSBROWSE__. <01> - <GROUP> B <ACTIVE>  Master Browser

	MAC Address = 02-BA-83-0B-47-B0

 ====================================== 
|    Session Check on 10.10.209.210    |
 ====================================== 
[+] Server 10.10.209.210 allows sessions using username '', password ''

 ============================================ 
|    Getting domain SID for 10.10.209.210    |
 ============================================ 
could not initialise lsa pipe. Error was NT_STATUS_ACCESS_DENIED
could not obtain sid from server
error: NT_STATUS_ACCESS_DENIED
[+] Can't determine if host is part of domain or part of a workgroup

 ======================================= 
|    OS information on 10.10.209.210    |
 ======================================= 
[+] Got OS info for 10.10.209.210 from smbclient: 
[E] Can't get OS info with srvinfo: NT_STATUS_ACCESS_DENIED

 ============================== 
|    Users on 10.10.209.210    |
 ============================== 
[E] Couldn't find users using querydispinfo: NT_STATUS_ACCESS_DENIED

[E] Couldn't find users using enumdomusers: NT_STATUS_ACCESS_DENIED

 ========================================== 
|    Share Enumeration on 10.10.209.210    |
 ========================================== 

	Sharename       Type      Comment
	---------       ----      -------
SMB1 disabled -- no workgroup available

[+] Attempting to map shares on 10.10.209.210

 ===================================================== 
|    Password Policy Information for 10.10.209.210    |
 ===================================================== 
[E] Unexpected error from polenum:


[+] Attaching to 10.10.209.210 using a NULL share

[+] Trying protocol 139/SMB...

	[!] Protocol failed: Cannot request session (Called Name:10.10.209.210)

[+] Trying protocol 445/SMB...

	[!] Protocol failed: Missing required parameter 'digestmod'.


[E] Failed to get password policy with rpcclient


 =============================== 
|    Groups on 10.10.209.210    |
 =============================== 

[+] Getting builtin groups:
[E] Can't get builtin groups: NT_STATUS_ACCESS_DENIED

[+] Getting builtin group memberships:

[+] Getting local groups:
[E] Can't get local groups: NT_STATUS_ACCESS_DENIED

[+] Getting local group memberships:

[+] Getting domain groups:
[E] Can't get domain groups: NT_STATUS_ACCESS_DENIED

[+] Getting domain group memberships:

 ======================================================================== 
|    Users on 10.10.209.210 via RID cycling (RIDS: 500-550,1000-1050)    |
 ======================================================================== 
[E] Couldn't get SID: NT_STATUS_ACCESS_DENIED.  RID cycling not possible.

 ============================================== 
|    Getting printer info for 10.10.209.210    |
 ============================================== 
could not initialise lsa pipe. Error was NT_STATUS_ACCESS_DENIED
could not obtain sid from server
error: NT_STATUS_ACCESS_DENIED


enum4linux complete on Thu Apr 16 11:45:45 2020

