
     [48;5;108m     [48;5;59m [48;5;71m [48;5;77m       [48;5;22m [48;5;108m   [48;5;114m [48;5;59m [49m
     [48;5;108m  [48;5;71m [48;5;22m [48;5;113m [48;5;71m [48;5;94m [48;5;214m  [48;5;58m [48;5;214m    [48;5;100m [48;5;71m  [48;5;16m [48;5;108m  [49m
     [48;5;65m [48;5;16m [48;5;22m [48;5;214m      [48;5;16m [48;5;214m        [48;5;65m  [49m
     [48;5;65m [48;5;214m       [48;5;16m [48;5;214m [48;5;16m [48;5;214m       [48;5;136m [48;5;65m [49m
     [48;5;23m [48;5;214m          [48;5;178m [48;5;214m       [48;5;65m [49m
     [48;5;16m [48;5;214m         [48;5;136m [48;5;94m   [48;5;136m [48;5;214m    [48;5;65m [49m
     [48;5;58m [48;5;214m  [48;5;172m [48;5;64m [48;5;77m             [48;5;71m [48;5;65m [49m
     [48;5;16m [48;5;71m [48;5;77m  [48;5;71m [48;5;77m         [48;5;71m [48;5;77m   [48;5;65m  [49m
     [48;5;59m [48;5;71m [48;5;77m [48;5;77m [48;5;16m [48;5;77m         [48;5;16m [48;5;77m   [48;5;65m  [49m
     [48;5;65m  [48;5;77m      [48;5;71m [48;5;16m [48;5;77m    [48;5;113m [48;5;77m   [48;5;65m  [49m
     [48;5;65m [48;5;16m [48;5;77m  [48;5;150m [48;5;113m [48;5;77m        [48;5;150m [48;5;113m [48;5;77m [48;5;65m [48;5;59m [48;5;65m [49m
     [48;5;16m [48;5;65m [48;5;71m [48;5;77m             [48;5;71m [48;5;22m [48;5;65m  [49m
     [48;5;108m  [48;5;107m [48;5;59m [48;5;77m           [48;5;16m [48;5;114m [48;5;108m   [49m
[1;94m  linpeas v2.4.0[0m[1;33m by carlospolop
[0m
[1;33mADVISORY: [1;34mlinpeas should be used for authorized penetration testing and/or educational purposes only. Any misuse of this software will not be the responsibility of the author or of any other collaborator. Use it at your own networks and/or with the network owner's permission.
[0m
[1;34mLinux Privesc Checklist: [1;33mhttps://book.hacktricks.xyz/linux-unix/linux-privilege-escalation-checklist
[0m [1;4mLEGEND[0m:
  [1;31;103mRED/YELLOW[0m: 99% a PE vector
  [1;31mRED[0m: You must take a look at it
  [1;96mLightCyan[0m: Users with console
  [1;34mBlue[0m: Users without console & mounted devs
  [1;32mGreen[0m: Common things (users, groups, SUID/SGID, mounts, .sh scripts, cronjobs) 
  LightMangeta: Your username


[1;34m====================================( [1;32mBasic information[1;34m )=====================================
[0m[1;37mOS: [0mLinux version 4.4.0-174-generic (buildd@lcy01-amd64-027) (gcc version 5.4.0 20160609 (Ubuntu 5.4.0-6ubuntu1~16.04.12) ) #204-Ubuntu SMP Wed Jan 29 06:41:01 UTC 2020
[1;37mUser & Groups: [0muid=1002([1;96m[1;95mskyfuck[0m[0m) gid=1002([1;96m[1;95mskyfuck[0m[0m) groups=1002([1;96m[1;95mskyfuck[0m[0m)
[1;37mHostname: [0mubuntu
[1;37mWritable folder: [0m/dev/shm
[1;33m[+] [1;32m/bin/ping[1;34m is available for network discovery[1;37m (linpeas can discover hosts, learn more with -h)
[0m[1;33m[+] [1;32m/bin/nc[1;34m is available for network discover & port scanning[1;37m (linpeas can discover hosts and scan ports, learn more with -h)
[0m

[1;34m====================================( [1;32mSystem Information[1;34m )====================================
[0m[1;33m[+] [1;32mOperative system
[0m[1;34m[i] [1;33mhttps://book.hacktricks.xyz/linux-unix/privilege-escalation#kernel-exploits
[0mLinux version 4.4.0-174-generic (buildd@lcy01-amd64-027) (gcc version 5.4.0 20160609 (Ubuntu 5.4.0-6ubuntu1~16.04.12) ) #204-Ubuntu SMP Wed Jan 29 06:41:01 UTC 2020
Distributor ID:	Ubuntu
Description:	Ubuntu 16.04.6 LTS
Release:	16.04
Codename:	xenial

[1;33m[+] [1;32mSudo version
[0m[1;34m[i] [1;33mhttps://book.hacktricks.xyz/linux-unix/privilege-escalation#sudo-version
[0mSudo version 1.8.16

[1;33m[+] [1;32mPATH
[0m[1;34m[i] [1;33mAny writable folder in original PATH? (a new completed path will be exported)
[0m[1;31;103m/home/skyfuck[0m/bin:[1;31;103m/home/skyfuck[0m/.local/bin:/usr/local/sbin:/usr/local/bin:/usr/sbin:/usr/bin:/sbin:/bin:/usr/games:/usr/local/games
New path exported: [1;31;103m/home/skyfuck[0m/bin:[1;31;103m/home/skyfuck[0m/.local/bin:/usr/local/sbin:/usr/local/bin:/usr/sbin:/usr/bin:/sbin:/bin:/usr/games:/usr/local/games

[1;33m[+] [1;32mDate
[0mTue May 12 09:42:46 PDT 2020

[1;33m[+] [1;32mSystem stats
[0mFilesystem      Size  Used Avail Use% Mounted on
udev            980M     0  980M   0% /dev
tmpfs           200M  3.0M  197M   2% /run
/dev/xvda1      8.8G  2.3G  6.1G  28% /
tmpfs          1000M     0 1000M   0% /dev/shm
tmpfs           5.0M     0  5.0M   0% /run/lock
tmpfs          1000M     0 1000M   0% /sys/fs/cgroup
tmpfs           200M     0  200M   0% /run/user/1002
              total        used        free      shared  buff/cache   available
Mem:        2046272      327592     1450132        3052      268548     1538804
Swap:        998396           0      998396

[1;33m[+] [1;32mEnvironment
[0m[1;34m[i] [1;33mAny private information inside environment variables?
[0mXDG_SESSION_ID=62
SHELL=/bin/bash
TERM=xterm-256color
HISTSIZE=0
SSH_CLIENT=10.8.2.244 52394 22
SSH_TTY=/dev/pts/0
HISTFILESIZE=0
USER=skyfuck
PATH=/home/skyfuck/bin:/home/skyfuck/.local/bin:/usr/local/sbin:/usr/local/bin:/usr/sbin:/usr/bin:/sbin:/bin:/usr/games:/usr/local/games
MAIL=/var/mail/skyfuck
LANG=en_US.UTF-8
HOME=/home/skyfuck
SHLVL=2
LANGUAGE=en_US:
LOGNAME=skyfuck
SSH_CONNECTION=10.8.2.244 52394 10.10.33.180 22
LESSOPEN=| /usr/bin/lesspipe %s
XDG_RUNTIME_DIR=/run/user/1002
LESSCLOSE=/usr/bin/lesspipe %s %s
HISTFILE=/dev/null
_=/usr/bin/env

[1;33m[+] [1;32mLooking for Signature verification failed in dmseg
[0m[1;90m Not Found
[0m
[1;33m[+] [1;32mselinux enabled? .............. [0m[1;90msestatus Not Found
[0m[1;33m[+] [1;32mPrinter? ...................... [0m[1;90mlpstat Not Found
[0m[1;33m[+] [1;32mIs this a container? .......... [0m[1;90mNo
[0m[1;33m[+] [1;32mIs ASLR enabled? .............. [0m[1;32mYes[0m

[1;34m=========================================( [1;32mDevices[1;34m )==========================================
[0m[1;33m[+] [1;32mAny sd* disk in /dev? (limit 20)
[0m
[1;33m[+] [1;32mUnmounted file-system?
[0m[1;34m[i] [1;33mCheck if you can mount umounted devices
[0m[1;34m[0mUUID=dc927fae-cdab-4f2d-a233-715537ac23c8	/	ext4	errors=remount-ro	0 1
[1;34m[0mUUID=901d3c43-5f28-491a-b1eb-127a57ca96d0	none	[1;32mswap[0m	sw	0 0


[1;34m====================================( [1;32mAvailable Software[1;34m )====================================
[0m[1;33m[+] [1;32mUseful software
[0m/bin/nc
/bin/netcat
/usr/bin/wget
/usr/bin/curl
/bin/ping
/usr/bin/base64
/usr/bin/python3
/usr/bin/perl
/usr/bin/sudo

[1;33m[+] [1;32mCompilers Installed
[0m/usr/share/gcc-5


[1;34m================================( [1;32mProcesses, Cron & Services[1;34m )================================
[0m[1;33m[+] [1;32mCleaned processes
[0m[1;34m[i] [1;33mCheck weird & unexpected proceses run by root: https://book.hacktricks.xyz/linux-unix/privilege-escalation#processes
[0mUSER       PID %CPU %MEM    VSZ   RSS TTY      STAT START   TIME COMMAND
[1;31mroot[0m         1  0.0  0.2  37716  5648 ?        Ss   08:36   0:00 /sbin/init noprompt
[1;31mroot[0m       221  0.0  0.1  29636  3196 ?        Ss   08:36   0:00 /lib/[1;34msys[0mtemd/systemd-journald
[1;31mroot[0m       254  0.0  0.1  44304  3864 ?        Ss   08:36   0:00 /lib/[1;34msys[0mtemd/systemd-[1;32mudev[0md
[1;34msys[0mtemd+   305  0.0  0.1 100320  2492 ?        Ssl  08:36   0:00 /lib/systemd/systemd-timesyncd
[1;32mmessage+[0m   517  0.0  0.1  42888  3684 ?        Ss   08:36   0:00 /usr/bin/dbus-[1;34mdaemon[0m --system --address=systemd: --nofork --nopidfile --systemd-activation
[1;34m[1;32msyslog[0m[0m     535  0.0  0.1 256388  3264 ?        Ssl  08:36   0:00 /usr/sbin/rsyslogd -n
[1;31mroot[0m       542  0.0  0.1  29004  2932 ?        Ss   08:36   0:00 /usr/sbin/[1;32mcron[0m -f
[1;31mroot[0m       549  0.0  0.3 275860  6184 ?        Ssl  08:36   0:00 /usr/lib/accountsservice/accounts-[1;34mdaemon[0m
[1;31mroot[0m       561  0.0  0.1  28540  3016 ?        Ss   08:36   0:00 /lib/[1;34msys[0mtemd/systemd-logind
[1;34mdnsmasq[0m    596  0.0  0.0  52860   400 ?        S    08:36   0:00 /usr/sbin/dnsmasq -x /var/run/dnsmasq/dnsmasq.pid -u dnsmasq -r /var/run/dnsmasq/resolv.conf -7 /etc/dnsmasq.d,.dpkg-dist,.dpkg-old,.dpkg-new --local-service --trust-anchor=.,19036,8,2,49aac11d7b6f6446702e54a1607371607a1a41855200fd2ce1cdde32f24e8fb5 --trust-anchor=.,20326,8,2,e06d44b80b8f1d39a95c0b0d7c65d08458e880409bbc683457104237c7f8ec8d
[1;31mroot[0m       616  0.0  0.0  15932  1820 tty1     Ss+  08:36   0:00 /sbin/agetty --noclear tty1 linux
[1;31mroot[0m       618  0.0  0.1  15748  2084 ttyS0    Ss+  08:36   0:00 /sbin/agetty --keep-baud 115200 38400 9600 ttyS0 vt220
[1;31mroot[0m       692  0.0  0.1  16120  2892 ?        Ss   08:36   0:00 /sbin/dhclient -1 -v -pf /run/dhclient.eth0.pid -lf /var/lib/dhcp/dhclient.eth0.leases -I -df /var/lib/dhcp/dhclient6.eth0.leases eth0
[1;34m[1;32mtomcat[0m[0m     742  1.6 15.0 3072512 307512 ?      Sl   08:36   1:05 /usr/lib/jvm/java-1.8.0-openjdk-amd64/jre/bin/java -Djava.util.logging.config.file=/opt/tomcat/conf/logging.properties -Djava.util.logging.manager=org.apache.juli.ClassLoaderLogManager -Djava.awt.headless=true -Djava.security.egd=file:/dev/./urandom -Djdk.tls.ephemeralDHKeySize=2048 -Djava.protocol.handler.pkgs=org.apache.catalina.webresources -Dorg.apache.catalina.security.SecurityListener.UMASK=0027 -Xms512M -Xmx1024M -server -XX:+UseParallelGC -Dignore.endorsed.dirs= -classpath /opt/tomcat/bin/bootstrap.jar:/opt/tomcat/bin/tomcat-juli.jar -Dcatalina.base=/opt/tomcat -Dcatalina.home=/opt/tomcat -Djava.io.tmpdir=/opt/tomcat/temp org.apache.catalina.startup.Bootstrap start
[1;31mroot[0m       746  0.0  0.2  65508  6092 ?        Ss   08:36   0:00 /usr/sbin/[1;34msshd[0m -D
[1;96m[1;95mskyfuck[0m[0m  11181  0.0  0.2  45296  4552 ?        Ss   09:36   0:00 /lib/[1;34msys[0mtemd/systemd --user
[1;96m[1;95mskyfuck[0m[0m  11183  0.0  0.0  61168  1860 ?        S    09:36   0:00 (sd-pam)
[1;96m[1;95mskyfuck[0m[0m  11211  0.0  0.1  92832  3384 ?        S    09:36   0:00 [1;34msshd[0m: skyfuck@pts/0
[1;96m[1;95mskyfuck[0m[0m  11214  0.0  0.2  22264  4984 pts/0    Ss   09:36   0:00 -bash
[1;96m[1;95mskyfuck[0m[0m  12269  1.0  0.1  12900  3316 pts/0    S+   09:42   0:00 bash linpeas.sh
[1;96m[1;95mskyfuck[0m[0m  12270  0.0  0.0   7292   808 pts/0    S+   09:42   0:00 tee linpeas.log
[1;96m[1;95mskyfuck[0m[0m  12470  0.0  0.1  37360  3284 pts/0    R+   09:42   0:00 ps aux

[1;33m[+] [1;32mBinary processes permissions
[0m[1;34m[i] [1;33mhttps://book.hacktricks.xyz/linux-unix/privilege-escalation#processes
[0m1.6M -rwxr-xr-x 1 [1;32mroot[0m root 1.6M Feb  5 06:15 /lib/[1;34msys[0mtemd/systemd
320K -rwxr-xr-x 1 [1;32mroot[0m root 319K Feb  5 06:15 /lib/[1;34msys[0mtemd/systemd-journald
608K -rwxr-xr-x 1 [1;32mroot[0m root 605K Feb  5 06:15 /lib/[1;34msys[0mtemd/systemd-logind
140K -rwxr-xr-x 1 [1;32mroot[0m root 139K Feb  5 06:15 /lib/[1;34msys[0mtemd/systemd-timesyncd
444K -rwxr-xr-x 1 [1;32mroot[0m root 443K Feb  5 06:15 /lib/[1;34msys[0mtemd/systemd-udevd
 44K -rwxr-xr-x 1 [1;32mroot[0m root  44K Jan 27 06:28 /sbin/agetty
476K -rwxr-xr-x 1 [1;32mroot[0m root 476K Mar  5  2018 /sbin/dhclient
   0 lrwxrwxrwx 1 [1;32mroot[0m root   20 Feb  5 06:14 /sbin/init -> /lib/[1;34msys[0mtemd/systemd
220K -rwxr-xr-x 1 [1;32mroot[0m root 219K Nov 29 04:40 /usr/bin/dbus-[1;34mdaemon[0m
164K -rwxr-xr-x 1 [1;32mroot[0m root 162K Nov  3  2016 /usr/lib/accountsservice/accounts-[1;34mdaemon[0m
8.0K -rwxr-xr-x 1 [1;32mroot[0m root 6.4K Jan 17 20:55 /usr/lib/jvm/java-1.8.0-openjdk-amd64/jre/bin/java
 44K -rwxr-xr-x 1 [1;32mroot[0m root  44K Apr  5  2016 /usr/sbin/cron
364K -rwxr-xr-x 1 [1;32mroot[0m root 364K Jul 12  2018 /usr/sbin/[1;34mdnsmasq[0m
588K -rwxr-xr-x 1 [1;32mroot[0m root 586K Mar 25  2019 /usr/sbin/r[1;34m[1;32msyslog[0m[0md
776K -rwxr-xr-x 1 [1;32mroot[0m root 773K Mar  4  2019 /usr/sbin/[1;34msshd[0m

[1;33m[+] [1;32mCron jobs
[0m[1;34m[i] [1;33mhttps://book.hacktricks.xyz/linux-unix/privilege-escalation#scheduled-jobs
[0m-rw-r--r-- 1 root root  766 Mar 10 22:27 /etc/crontab

/etc/cron.d:
total 16
drwxr-xr-x  2 root root 4096 Mar 10 17:56 .
drwxr-xr-x 91 root root 4096 Mar 11 00:26 ..
-rw-r--r--  1 root root  102 Apr  5  2016 [1;32m.placeholder[0m
-rw-r--r--  1 root root  191 Mar 10 17:56 [1;32mpopularity-contest[0m

/etc/cron.daily:
total 44
drwxr-xr-x  2 root root 4096 Mar 10 18:08 .
drwxr-xr-x 91 root root 4096 Mar 11 00:26 ..
-rwxr-xr-x  1 root root 1474 Oct  9  2018 [1;32mapt-compat[0m
-rwxr-xr-x  1 root root  355 May 22  2012 [1;32mbsdmainutils[0m
-rwxr-xr-x  1 root root 1597 Nov 26  2015 [1;32mdpkg[0m
-rwxr-xr-x  1 root root  372 May  5  2015 [1;32mlogrotate[0m
-rwxr-xr-x  1 root root 1293 Nov  6  2015 [1;32mman-db[0m
-rwxr-xr-x  1 root root  435 Nov 17  2014 [1;32mmlocate[0m
-rwxr-xr-x  1 root root  249 Nov 12  2015 [1;32mpasswd[0m
-rw-r--r--  1 root root  102 Apr  5  2016 [1;32m.placeholder[0m
-rwxr-xr-x  1 root root 3449 Feb 26  2016 [1;32mpopularity-contest[0m

/etc/cron.hourly:
total 12
drwxr-xr-x  2 root root 4096 Mar 10 17:53 .
drwxr-xr-x 91 root root 4096 Mar 11 00:26 ..
-rw-r--r--  1 root root  102 Apr  5  2016 [1;32m.placeholder[0m

/etc/cron.monthly:
total 12
drwxr-xr-x  2 root root 4096 Mar 10 17:53 .
drwxr-xr-x 91 root root 4096 Mar 11 00:26 ..
-rw-r--r--  1 root root  102 Apr  5  2016 [1;32m.placeholder[0m

/etc/cron.weekly:
total 20
drwxr-xr-x  2 root root 4096 Mar 10 18:08 .
drwxr-xr-x 91 root root 4096 Mar 11 00:26 ..
-rwxr-xr-x  1 root root  210 Jan 27 06:27 fstrim
-rwxr-xr-x  1 root root  771 Nov  6  2015 [1;32mman-db[0m
-rw-r--r--  1 root root  102 Apr  5  2016 [1;32m.placeholder[0m

SHELL=/bin/sh
PATH=/usr/local/s[1;34mbin:[0m/usr/local/bin:/sbin:/bin:/usr/sbin:/usr/bin

*[1;31;103m  *[0m	* * *	[1;31mroot[0m	cd /root/ufw && bash ufw.sh

[1;33m[+] [1;32mServices
[0m[1;34m[i] [1;33mSearch for outdated versions
[0m [ + ]  apparmor
 [ - ]  bootmisc.sh
 [ - ]  checkfs.sh
 [ - ]  checkroot-bootclean.sh
 [ - ]  checkroot.sh
 [ + ]  console-setup
 [ + ]  cron
 [ + ]  dbus
 [ + ]  dnsmasq
 [ + ]  grub-common
 [ - ]  hostname.sh
 [ - ]  hwclock.sh
 [ + ]  irqbalance
 [ - ]  keyboard-setup.dpkg-bak
 [ - ]  killprocs
 [ + ]  kmod
 [ - ]  mountall-bootclean.sh
 [ - ]  mountall.sh
 [ - ]  mountdevsubfs.sh
 [ - ]  mountkernfs.sh
 [ - ]  mountnfs-bootclean.sh
 [ - ]  mountnfs.sh
 [ + ]  networking
 [ + ]  ondemand
 [ - ]  open-vm-tools
 [ - ]  plymouth
 [ - ]  plymouth-log
 [ + ]  procps
 [ - ]  rc.local
 [ + ]  resolvconf
 [ - ]  rsync
 [ + ]  rsyslog
 [ - ]  sendsigs
 [ + ]  ssh
 [ + ]  udev
 [ + ]  ufw
 [ - ]  umountfs
 [ - ]  umountnfs.sh
 [ - ]  umountroot
 [ + ]  urandom
 [ - ]  uuidd
 [ - ]  x11-common


[1;34m===================================( [1;32mNetwork Information[1;34m )====================================
[0m[1;33m[+] [1;32mHostname, hosts and DNS
[0mubuntu
127.0.0.1	localhost
127.0.1.1	ubuntu

::1     localhost ip6-localhost ip6-loopback
ff02::1 ip6-allnodes
ff02::2 ip6-allrouters
nameserver 8.8.8.8

[1;33m[+] [1;32mContent of /etc/inetd.conf & /etc/xinetd.conf
[0m[1;90m/etc/inetd.conf Not Found
[0m
[1;33m[+] [1;32mNetworks and neighbours
[0m# symbolic names for networks, see networks(5) for more information
link-local 169.254.0.0
eth0      Link encap:Ethernet  HWaddr 02:7f:bd:0d:31:c2  
          inet addr:10.10.33.180  Bcast:10.10.255.255  Mask:255.255.0.0
          inet6 addr: fe80::7f:bdff:fe0d:31c2/64 Scope:Link
          UP BROADCAST RUNNING MULTICAST  MTU:9001  Metric:1
          RX packets:320883 errors:0 dropped:0 overruns:0 frame:0
          TX packets:317278 errors:0 dropped:0 overruns:0 carrier:0
          collisions:0 txqueuelen:1000 
          RX bytes:41510991 (41.5 MB)  TX bytes:212077197 (212.0 MB)

lo        Link encap:Local Loopback  
          inet addr:127.0.0.1  Mask:255.0.0.0
          inet6 addr: ::1/128 Scope:Host
          UP LOOPBACK RUNNING  MTU:65536  Metric:1
          RX packets:0 errors:0 dropped:0 overruns:0 frame:0
          TX packets:0 errors:0 dropped:0 overruns:0 carrier:0
          collisions:0 txqueuelen:1 
          RX bytes:0 (0.0 B)  TX bytes:0 (0.0 B)

Kernel IP routing table
Destination     Gateway         Genmask         Flags Metric Ref    Use Iface
default         10.10.0.1       0.0.0.0         UG    0      0        0 eth0
10.10.0.0       *               255.255.0.0     U     0      0        0 eth0

[1;33m[+] [1;32mIptables rules
[0m[1;90miptables rules Not Found
[0m
[1;33m[+] [1;32mActive Ports
[0m[1;34m[i] [1;33mhttps://book.hacktricks.xyz/linux-unix/privilege-escalation#internal-open-ports
[0mActive Internet connections (servers and established)
Proto Recv-Q Send-Q Local Address           Foreign Address         State       PID/Program name
tcp        0      0 0.0.0.0:53              0.0.0.0:*               LISTEN      -               
tcp        0      0 0.0.0.0:22              0.0.0.0:*               LISTEN      -               
tcp        0    848 10.10.33.180:22         10.8.2.244:52394        ESTABLISHED -               
tcp6       0      0 :::8009                 :::*                    LISTEN      -               
tcp6       0      0 :::8080                 :::*                    LISTEN      -               
tcp6       0      0 :::53                   :::*                    LISTEN      -               
tcp6       0      0 :::22                   :::*                    LISTEN      -               
tcp6       0      0 [1;31m127.0.0.1[0m:8005          :::*                    LISTEN      -               
udp        0      0 10.10.33.180:44674      8.8.8.8:53              ESTABLISHED -               
udp        0      0 0.0.0.0:53              0.0.0.0:*                           -               
udp        0      0 0.0.0.0:68              0.0.0.0:*                           -               
udp6       0      0 :::53                   :::*                                -               

[1;33m[+] [1;32mCan I sniff with tcpdump?
[0m[1;90mNo
[0m

[1;34m====================================( [1;32mUsers Information[1;34m )=====================================
[0m[1;33m[+] [1;32mMy user
[0m[1;34m[i] [1;33mhttps://book.hacktricks.xyz/linux-unix/privilege-escalation#groups
[0muid=1002([1;96m[1;95mskyfuck[0m[0m) gid=1002([1;96m[1;95mskyfuck[0m[0m) groups=1002([1;96m[1;95mskyfuck[0m[0m)

[1;33m[+] [1;32mDo I have PGP keys?
[0m
[1;33m[+] [1;32mClipboard or highlighted text?
[0m[1;90mxsel and xclip Not Found
[0m
[1;33m[+] [1;32mTesting 'sudo -l' without password & /etc/sudoers
[0m[1;34m[i] [1;33mhttps://book.hacktricks.xyz/linux-unix/privilege-escalation#commands-with-sudo-and-suid-commands
[0m
[1;33m[+] [1;32mChecking /etc/doas.conf
[0m[1;90m/etc/doas.conf Not Found
[0m
[1;33m[+] [1;32mChecking Pkexec policy
[0m
[1;33m[+] [1;32mDo not forget to test 'su' as any other user with shell: without password and with their names as password (I can't do it...)
[0m[1;33m[+] [1;32mDo not forget to execute 'sudo -l' without password or with valid password (if you know it)!!
[0m
[1;33m[+] [1;32mSuperusers
[0m[1;31mroot[0m:x:0:0:root:/root:/bin/bash

[1;33m[+] [1;32mUsers with console
[0m[1;96mmerlin[0m:x:1000:1000:zrimga,,,:/home/merlin:/bin/bash
[1;31mroot[0m:x:0:0:root:/root:/bin/bash
[1;96m[1;95mskyfuck[0m[0m:x:1002:1002:tryhackme TRIAL PoC,3871289312,2931923021,2391293912,2031201201:/home/skyfuck:/bin/bash

[1;33m[+] [1;32mAll users & groups
[0muid=0([1;31mroot[0m) gid=0[1;31m(root)[0m groups=0[1;31m(root)[0m
uid=1000([1;96mmerlin[0m) gid=1000([1;96mmerlin[0m) groups=1000([1;96mmerlin[0m),4[1;32m(adm)[0m,24[1;32m(cdrom)[0m,30(dip),46[1;32m(plugdev)[0m,114([1;34mlp[0madmin),115(sambashare)
uid=1001([1;34mtomcat[0m) gid=1001([1;34mtomcat[0m) groups=1001([1;34mtomcat[0m)
uid=1002([1;96m[1;95mskyfuck[0m[0m) gid=1002([1;96m[1;95mskyfuck[0m[0m) groups=1002([1;96m[1;95mskyfuck[0m[0m)
uid=100([1;34msystemd-timesync[0m) gid=102([1;34msystemd-timesync[0m) groups=102([1;34msystemd-timesync[0m)
uid=101([1;34msystemd-network[0m) gid=103([1;34msystemd-network[0m) groups=103([1;34msystemd-network[0m)
uid=102([1;34msystemd-resolve[0m) gid=104([1;34msystemd-resolve[0m) groups=104([1;34msystemd-resolve[0m)
uid=103([1;34msystemd-bus-proxy[0m) gid=105([1;34msystemd-bus-proxy[0m) groups=105([1;34msystemd-bus-proxy[0m)
uid=104([1;34m[1;32msyslog[0m[0m) gid=108([1;34m[1;32msyslog[0m[0m) groups=108([1;34m[1;32msyslog[0m[0m),4[1;32m(adm)[0m
uid=105([1;34m_apt[0m) gid=65534[1;32m(nogroup)[0m groups=65534[1;32m(nogroup)[0m
uid=106([1;34mmessagebus[0m) gid=110([1;34mmessagebus[0m) groups=110([1;34mmessagebus[0m)
uid=107([1;34muuidd[0m) gid=111([1;34muuidd[0m) groups=111([1;34muuidd[0m)
uid=108([1;34msshd[0m) gid=65534[1;32m(nogroup)[0m groups=65534[1;32m(nogroup)[0m
uid=109([1;34mdnsmasq[0m) gid=65534[1;32m(nogroup)[0m groups=65534[1;32m(nogroup)[0m
uid=10([1;34muucp[0m) gid=10([1;34muucp[0m) groups=10([1;34muucp[0m)
uid=13([1;34mproxy[0m) gid=13([1;34mproxy[0m) groups=13([1;34mproxy[0m)
uid=1([1;34mdaemon[0m) gid=1([1;34mdaemon[0m) groups=1([1;34mdaemon[0m)
uid=2(bin) gid=2(bin) groups=2(bin)
uid=33([1;34m[1;32mwww-data[0m[0m) gid=33([1;34m[1;32mwww-data[0m[0m) groups=33([1;34m[1;32mwww-data[0m[0m)
uid=34([1;34mbackup[0m) gid=34([1;34mbackup[0m) groups=34([1;34mbackup[0m)
uid=38([1;34mlist[0m) gid=38([1;34mlist[0m) groups=38([1;34mlist[0m)
uid=39([1;34mirc[0m) gid=39([1;34mirc[0m) groups=39([1;34mirc[0m)
uid=3([1;34msys[0m) gid=3([1;34msys[0m) groups=3([1;34msys[0m)
uid=41([1;34mgnats[0m) gid=41([1;34mgnats[0m) groups=41([1;34mgnats[0m)
uid=4([1;34msync[0m) gid=65534[1;32m(nogroup)[0m groups=65534[1;32m(nogroup)[0m
uid=5([1;34mgames[0m) gid=60([1;34mgames[0m) groups=60([1;34mgames[0m)
uid=65534([1;34mnobody[0m) gid=65534[1;32m(nogroup)[0m groups=65534[1;32m(nogroup)[0m
uid=6([1;34mman[0m) gid=12([1;34mman[0m) groups=12([1;34mman[0m)
uid=7([1;34mlp[0m) gid=7([1;34mlp[0m) groups=7([1;34mlp[0m)
uid=8([1;34m[1;32mmail[0m[0m) gid=8([1;34m[1;32mmail[0m[0m) groups=8([1;34m[1;32mmail[0m[0m)
uid=9([1;34mnews[0m) gid=9([1;34mnews[0m) groups=9([1;34mnews[0m)

[1;33m[+] [1;32mLogin now
[0m 09:42:59 up  1:06,  1 user,  load average: 0.07, 0.02, 0.00
USER     TTY      FROM             LOGIN@   IDLE   JCPU   PCPU WHAT
[1;96m[1;95mskyfuck[0m[0m  pts/0    10.8.2.244       09:36   18.00s  0.07s  0.00s w

[1;33m[+] [1;32mLast logons
[0m[1;96mmerlin[0m   pts/0        192.168.85.1     Tue Mar 10 22:51 - 22:53  (00:01)
reboot   [1;34msys[0mtem boot  4.4.0-174-generi Tue Mar 10 22:50 - 22:53  (00:02)
[1;96mmerlin[0m   pts/0        192.168.85.1     Tue Mar 10 22:47 - 22:50  (00:03)
reboot   [1;34msys[0mtem boot  4.4.0-174-generi Tue Mar 10 22:46 - 22:53  (00:06)
[1;96mmerlin[0m   pts/0        192.168.85.1     Tue Mar 10 22:01 - 22:45  (00:44)
[1;96mmerlin[0m   pts/0        192.168.85.1     Tue Mar 10 18:17 - 22:00  (03:43)
[1;96mmerlin[0m   tty1                          Tue Mar 10 17:59 - crash  (04:47)
reboot   [1;34msys[0mtem boot  4.4.0-142-generi Tue Mar 10 17:57 - 22:53  (04:56)

wtmp begins Tue Mar 10 17:57:14 2020

[1;33m[+] [1;32mLast time logon each user
[0mUsername         Port     From             Latest
[1;96mmerlin[0m           pts/0    192.168.85.1     Tue Mar 10 22:56:49 -0700 2020
[1;96m[1;95mskyfuck[0m[0m          pts/0    10.8.2.244       Tue May 12 09:36:22 -0700 2020

[1;33m[+] [1;32mPassword policy
[0mPASS_MAX_DAYS	99999
PASS_MIN_DAYS	0
PASS_WARN_AGE	7
ENCRYPT_METHOD SHA512

[1;33m[+] [1;32mUser timers
[0m[1;90m Not Found
[0m
[1;34m===================================( [1;32mSoftware Information[1;34m )===================================
[0m[1;33m[+] [1;32mMySQL version
[0m[1;90mmysql Not Found
[0m
[1;33m[+] [1;32mMySQL connection using default root/root ........... [0m[1;90mNo
[0m[1;33m[+] [1;32mMySQL connection using root/toor ................... [0m[1;90mNo
[0m[1;33m[+] [1;32mMySQL connection using root/NOPASS ................. [0m[1;90mNo
[0m[1;33m[+] [1;32mLooking for mysql credentials and exec
[0m[1;90m Not Found
[0m
[1;33m[+] [1;32mPostgreSQL version and pgadmin credentials
[0m[1;90m Not Found
[0m
[1;33m[+] [1;32mPostgreSQL connection to template0 using postgres/NOPASS ........ [0m[1;90mNo
[0m[1;33m[+] [1;32mPostgreSQL connection to template1 using postgres/NOPASS ........ [0m[1;90mNo
[0m[1;33m[+] [1;32mPostgreSQL connection to template0 using pgsql/NOPASS ........... [0m[1;90mNo
[0m[1;33m[+] [1;32mPostgreSQL connection to template1 using pgsql/NOPASS ........... [0m[1;90mNo
[0m
[1;33m[+] [1;32mApache server info
[0m[1;90m Not Found
[0m
[1;33m[+] [1;32mLooking for PHPCookies
[0m[1;90m Not Found
[0m
[1;33m[+] [1;32mLooking for Wordpress wp-config.php files
[0m[1;90mwp-config.php Not Found
[0m
[1;33m[+] [1;32mLooking for Tomcat users file
[0m[1;90mtomcat-users.xml Not Found
[0m
[1;33m[+] [1;32mMongo information
[0m[1;90m Not Found
[0m
[1;33m[+] [1;32mLooking for supervisord configuration file
[0m[1;90msupervisord.conf Not Found
[0m
[1;33m[+] [1;32mLooking for cesi configuration file
[0m[1;90mcesi.conf Not Found
[0m
[1;33m[+] [1;32mLooking for Rsyncd config file
[0m/usr/share/doc/rsync/examples/rsyncd.conf
[ftp]
	comment = public archive
	path = /var/www/pub
	use chroot = yes
	lock file = /var/lock/rsyncd
	read only = yes
	list = yes
	uid = nobody
	gid = nogroup
	strict modes = yes
	ignore errors = no
	ignore nonreadable = yes
	transfer logging = no
	timeout = 600
	refuse options = checksum dry-run
	dont compress = *.gz *.tgz *.zip *.z *.rpm *.deb *.iso *.bz2 *.tbz

[1;33m[+] [1;32mLooking for Hostapd config file
[0m[1;90mhostapd.conf Not Found
[0m
[1;33m[+] [1;32mLooking for wifi conns file
[0m[1;90m Not Found
[0m
[1;33m[+] [1;32mLooking for Anaconda-ks config files
[0m[1;90manaconda-ks.cfg Not Found
[0m
[1;33m[+] [1;32mLooking for .vnc directories and their passwd files
[0m[1;90m.vnc Not Found
[0m
[1;33m[+] [1;32mLooking for ldap directories and their hashes
[0m/etc/ldap
The password hash is from the {SSHA} to 'structural'

[1;33m[+] [1;32mLooking for .ovpn files and credentials
[0m[1;90m.ovpn Not Found
[0m
[1;33m[+] [1;32mLooking for ssl/ssh files
[0mPort 22
PermitRootLogin prohibit-password
PubkeyAuthentication yes
PermitEmptyPasswords no
ChallengeResponseAuthentication no
UsePAM yes
[1;31mPrivate SSH keys found!:[0m
[1;31m/home/skyfuck/tryhackme.asc[0m

Looking inside /etc/ssh/ssh_config for interesting info
Host *
    SendEnv LANG LC_*
    HashKnownHosts yes
    GSSAPIAuthentication yes
    GSSAPIDelegateCredentials no

[1;33m[+] [1;32mLooking for unexpected auth lines in /etc/pam.d/sshd
[0m[1;90mNo
[0m
[1;33m[+] [1;32mLooking for Cloud credentials (AWS, Azure, GC)
[0m
[1;33m[+] [1;32mNFS exports?
[0m[1;34m[i] [1;33mhttps://book.hacktricks.xyz/linux-unix/privilege-escalation/nfs-no_root_squash-misconfiguration-pe
[0m[1;90m/etc/exports Not Found
[0m
[1;33m[+] [1;32mLooking for kerberos conf files and tickets
[0m[1;34m[i] [1;33mhttps://book.hacktricks.xyz/pentesting/pentesting-kerberos-88#pass-the-ticket-ptt
[0m[1;90mkrb5.conf Not Found
[0m[1;90mtickets kerberos Not Found
[0m[1;90mklist Not Found
[0m
[1;33m[+] [1;32mLooking for Kibana yaml
[0m[1;90mkibana.yml Not Found
[0m
[1;33m[+] [1;32mLooking for Knock configuration
[0m[1;90mKnock.config Not Found
[0m
[1;33m[+] [1;32mLooking for logstash files
[0m[1;90m Not Found
[0m
[1;33m[+] [1;32mLooking for elasticsearch files
[0m[1;90m Not Found
[0m
[1;33m[+] [1;32mLooking for Vault-ssh files
[0m[1;90mvault-ssh-helper.hcl Not Found
[0m
[1;33m[+] [1;32mLooking for AD cached hashes
[0m[1;90mcached hashes Not Found
[0m
[1;33m[+] [1;32mLooking for screen sessions
[1;34m[i] [1;33mhttps://book.hacktricks.xyz/linux-unix/privilege-escalation#open-shell-sessions
[0m[1;90mscreen Not Found
[0m
[1;33m[+] [1;32mLooking for tmux sessions
[1;34m[i] [1;33mhttps://book.hacktricks.xyz/linux-unix/privilege-escalation#open-shell-sessions
[0m[1;90mtmux Not Found
[0m
[1;33m[+] [1;32mLooking for Couchdb directory
[0m
[1;33m[+] [1;32mLooking for redis.conf
[0m
[1;33m[+] [1;32mLooking for dovecot files
[0m[1;90mdovecot credentials Not Found
[0m
[1;33m[+] [1;32mLooking for mosquitto.conf
[0m
[1;33m[+] [1;32mLooking for neo4j auth file
[0m
[1;33m[+] [1;32mLooking Cloud-Init conf file
[0m

[1;34m====================================( [1;32mInteresting Files[1;34m )=====================================
[0m[1;33m[+] [1;32mSUID - Check easy privesc, exploits and write perms
[0m[1;34m[i] [1;33mhttps://book.hacktricks.xyz/linux-unix/privilege-escalation#commands-with-sudo-and-suid-commands
[0m/usr/lib/dbus-1.0[1;32m/dbus-daemon-launch-helper[0m
/usr/lib/openssh[1;32m/ssh-keysign[0m
/usr/lib/eject[1;32m/dmcrypt-get-device[0m
/usr/bin[1;32m/vmware-user-suid-wrapper[0m
/usr/bin[1;31m/sudo		--->	/sudo$[0m
/usr/bin[1;31m/passwd		--->	Apple_Mac_OSX(03-2006)/Solaris_8/9(12-2004)/SPARC_8/9/Sun_Solaris_2.3_to_2.5.1(02-1997)[0m
/usr/bin[1;32m/gpasswd[0m
/usr/bin[1;32m/chsh[0m
/usr/bin[1;31m/chfn		--->	SuSE_9.3/10[0m
/usr/bin[1;31m/newgrp		--->	HP-UX_10.20[0m
/bin[1;31m/mount		--->	Apple_Mac_OSX(Lion)_Kernel_xnu-1699.32.7_except_xnu-1699.24.8[0m
/bin[1;32m/ping[0m
/bin[1;31m/umount		--->	BSD/Linux(08-1996)[0m
/bin[1;32m/fusermount[0m
/bin[1;32m/su[0m
/bin[1;32m/ping6[0m

[1;33m[+] [1;32mSGID
[0m[1;34m[i] [1;33mhttps://book.hacktricks.xyz/linux-unix/privilege-escalation#commands-with-sudo-and-suid-commands
[0m/usr/bin[1;32m/chage[0m
/usr/bin[1;32m/bsd-write[0m
/usr/bin[1;32m/wall[0m
/usr/bin[1;32m/expiry[0m
/usr/bin[1;32m/mlocate[0m
/usr/bin[1;32m/ssh-agent[0m
/usr/bin[1;32m/crontab[0m
/sbin[1;32m/pam_extrausers_chkpwd[0m
/sbin[1;32m/unix_chkpwd[0m

[1;33m[+] [1;32mCapabilities
[0m[1;34m[i] [1;33mhttps://book.hacktricks.xyz/linux-unix/privilege-escalation#capabilities
[0m/usr/bin[1;31m/mtr[0m = cap_net_raw+ep
/usr/bin/systemd-detect-virt = [1;31mcap_dac_override[0m,cap_sys_ptrace+ep
/usr/bin/traceroute6.iputils = cap_net_raw+ep

[1;33m[+] [1;32mUsers with capabilities
[0m[1;90m/etc/security/capability.conf Not Found
[0m
[1;33m[+] [1;32m.sh files in path
[0m/usr/bin[1;32m/gettext.sh[0m

[1;33m[+] [1;32mFiles (scripts) in /etc/profile.d/
[0mtotal 16
drwxr-xr-x  2 root root 4096 Mar 10 17:55 .
drwxr-xr-x 91 root root 4096 Mar 11 00:26 ..
-rw-r--r--  1 root root  663 May 18  2016 [1;32mbash_completion.sh[0m
-rw-r--r--  1 root root 1003 Dec 29  2015 [1;32mcedilla-portuguese.sh[0m

[1;33m[+] [1;32mHashes inside passwd file? ........... [0m[1;90mNo
[0m[1;33m[+] [1;32mHashes inside group file? ........... [0m[1;90mNo
[0m[1;33m[+] [1;32mCredentials in fstab/mtab? ........... [0m[1;90mNo
[0m[1;33m[+] [1;32mCan I read shadow files? ............. [0m[1;90mNo
[0m[1;33m[+] [1;32mCan I read root folder? .............. [0m[1;90mNo
[0m
[1;33m[+] [1;32mLooking for root files in home dirs (limit 20)
[0m/home
/home/[1;96mmerlin[0m/.bash_history

[1;33m[+] [1;32mLooking for others files in folders owned by me
[0m
[1;33m[+] [1;32mReadable files belonging to root and readable by me but not world readable
[0m
[1;33m[+] [1;32mModified interesting files in the last 5mins
[0m/var/log/kern.log
/var/log/auth.log
/var/log/syslog
[1;31m/home/skyfuck[0m/.gnupg/gpg.conf
[1;31m/home/skyfuck[0m/.gnupg/pubring.gpg
[1;31m/home/skyfuck[0m/.gnupg/trustdb.gpg
[1;31m/home/skyfuck[0m/linpeas.log

[1;33m[+] [1;32mWritable log files (logrotten)
[0m[1;34m[i] [1;33mhttps://book.hacktricks.xyz/linux-unix/privilege-escalation#logrotate-exploitation
[0mWritable:[1;31m /home/skyfuck/linpeas.log
[0m
[1;33m[+] [1;32mFiles inside /home/skyfuck (limit 20)
[0mtotal 236
drwxr-xr-x 4 skyfuck skyfuck   4096 May 12 09:42 .
drwxr-xr-x 4 root    root      4096 Mar 10 21:58 ..
-rw------- 1 skyfuck skyfuck    136 Mar 10 22:45 .bash_history
-rw-r--r-- 1 skyfuck skyfuck    220 Mar 10 21:58 .bash_logout
-rw-r--r-- 1 skyfuck skyfuck   3771 Mar 10 21:58 .bashrc
drwx------ 2 skyfuck skyfuck   4096 May 12 09:36 .cache
-rw-rw-r-- 1 skyfuck skyfuck    394 Mar 10 22:09 credential.pgp
drwx------ 2 skyfuck skyfuck   4096 May 12 09:42 .gnupg
-rw-rw-r-- 1 skyfuck skyfuck  32409 May 12 09:43 linpeas.log
-rwxrwxr-x 1 skyfuck skyfuck 161298 Apr 15 14:53 linpeas.sh
-rw-r--r-- 1 skyfuck skyfuck    655 Mar 10 21:58 .profile
-rw-rw-r-- 1 skyfuck skyfuck   5144 Mar 10 22:10 tryhackme.asc

[1;33m[+] [1;32mFiles inside others home (limit 20)
[0m/home/merlin/.sudo_as_admin_successful
/home/merlin/.bashrc
/home/merlin/.bash_history
/home/merlin/user.txt
/home/merlin/.bash_logout
/home/merlin/.profile

[1;33m[+] [1;32mLooking for installed mail applications
[0m
[1;33m[+] [1;32mMails (limit 50)
[0m
[1;33m[+] [1;32mBackup files?
[0m-rw-r--r-- 1 root root 128 Mar 10 17:55 /var/lib/sgml-base/supercatalog[1;31m.old[0m
-rw-r--r-- 1 root root 610 Mar 10 17:55 /etc/xml/catalog[1;31m.old[0m
-rw-r--r-- 1 root root 673 Mar 10 17:55 /etc/xml/xml-core.xml[1;31m.old[0m
-rw-r--r-- 1 root root 3020 Mar 10 17:57 /etc/apt/sources[1;31m.bak[0m

[1;33m[+] [1;32mLooking for tables inside readable .db/.sqlite files (limit 100)
[0m[1;32m -> Extracting tables from[0m /var/lib/nssdb/cert9.db [1;90m(limit 20)
[0m
[1;32m -> Extracting tables from[0m /var/lib/nssdb/secmod.db [1;90m(limit 20)
[0m[1;32m -> Extracting tables from[0m /var/lib/nssdb/key4.db [1;90m(limit 20)
[0m

[1;33m[+] [1;32mWeb files?(output limit)
[0m
[1;33m[+] [1;32mReadable *_history, .sudo_as_admin_successful, profile, bashrc, httpd.conf, .plan, .htpasswd, .gitconfig, .git-credentials, .git, .svn, .rhosts, hosts.equiv, Dockerfile, docker-compose.yml
[0m[1;34m[i] [1;33mhttps://book.hacktricks.xyz/linux-unix/privilege-escalation#read-sensitive-data
[0m-rw-r--r-- 1 [1;31mroot[0m [1;31mroot[0m 3771 Aug 31  2015 /etc/skel/.[1;31mbashrc[0m
-rw-r--r-- 1 [1;31mroot[0m [1;31mroot[0m 655 May 16  2017 /etc/skel/[1;31m.profile[0m
-rw-r--r-- 1 [1;31mroot[0m [1;31mroot[0m 2188 Aug 31  2015 /etc/bash.[1;31mbashrc[0m
-rw-r--r-- 1 [1;96mmerlin[0m [1;96mmerlin[0m 0 Mar 10 17:59 /home/[1;96mmerlin[0m/[1;31m.sudo_as_admin_successful[0m
-rw-r--r-- 1 [1;96mmerlin[0m [1;96mmerlin[0m 3771 Mar 10 17:57 /home/[1;96mmerlin[0m/.[1;31mbashrc[0m
-rw-r--r-- 1 [1;96mmerlin[0m [1;96mmerlin[0m 655 Mar 10 17:57 /home/[1;96mmerlin[0m/[1;31m.profile[0m
-rw-r--r-- 1 [1;96m[1;95mskyfuck[0m[0m [1;96m[1;95mskyfuck[0m[0m 3771 Mar 10 21:58 /home/[1;96m[1;95mskyfuck[0m[0m/.[1;31mbashrc[0m
-rw------- 1 [1;96m[1;95mskyfuck[0m[0m [1;96m[1;95mskyfuck[0m[0m 136 Mar 10 22:45 /home/[1;96m[1;95mskyfuck[0m[0m/.bash[1;31m_history[0m
[1;32mLooking for possible passwords inside /home/skyfuck/.bash_history
[0m
-rw-r--r-- 1 [1;96m[1;95mskyfuck[0m[0m [1;96m[1;95mskyfuck[0m[0m 655 Mar 10 21:58 /home/[1;96m[1;95mskyfuck[0m[0m/[1;31m.profile[0m
-rw-r--r-- 1 [1;31mroot[0m [1;31mroot[0m 3106 Sep 30  2019 /usr/share/base-files/dot.[1;31mbashrc[0m
-rw-r--r-- 1 [1;31mroot[0m [1;31mroot[0m 1865 Jul  2  2015 /usr/share/doc/adduser/examples/adduser.local.conf.examples/skel/dot.[1;31mbashrc[0m
-rw-r--r-- 1 [1;31mroot[0m [1;31mroot[0m 870 Jul  2  2015 /usr/share/doc/adduser/examples/adduser.local.conf.examples/bash.[1;31mbashrc[0m

[1;33m[+] [1;32mAll hidden files (not in /sys/ or the ones listed in the previous check) (limit 70)
[0m-rw-r--r-- 1 root root 2712 Jan 17 20:55 /usr/lib/jvm/.java-1.8.0-openjdk-amd64.jinfo
-rw-r--r-- 1 root root 820 Jan 28 23:59 /usr/src/linux-headers-4.4.0-174-generic/.missing-syscalls.d
-rw-r--r-- 1 root root 21 Jan 28 23:59 /usr/src/linux-headers-4.4.0-174-generic/.9134.d
-rw-r--r-- 1 root root 191098 Jan 28 23:59 /usr/src/linux-headers-4.4.0-174-generic/.config.old
-rw-r--r-- 1 root root 2391 Jan 28 23:59 /usr/src/linux-headers-4.4.0-174-generic/scripts/.conmakehash.cmd
-rw-r--r-- 1 root root 3485 Jan 28 23:59 /usr/src/linux-headers-4.4.0-174-generic/scripts/mod/.file2alias.o.cmd
-rw-r--r-- 1 root root 5327 Jan 28 23:59 /usr/src/linux-headers-4.4.0-174-generic/scripts/mod/.devicetable-offsets.s.cmd
-rw-r--r-- 1 root root 2537 Jan 28 23:59 /usr/src/linux-headers-4.4.0-174-generic/scripts/mod/.mk_elfconfig.cmd
-rw-r--r-- 1 root root 4622 Jan 28 23:59 /usr/src/linux-headers-4.4.0-174-generic/scripts/mod/.modpost.o.cmd
-rw-r--r-- 1 root root 104 Jan 28 23:59 /usr/src/linux-headers-4.4.0-174-generic/scripts/mod/.elfconfig.h.cmd
-rw-r--r-- 1 root root 129 Jan 28 23:59 /usr/src/linux-headers-4.4.0-174-generic/scripts/mod/.modpost.cmd
-rw-r--r-- 1 root root 4451 Jan 28 23:59 /usr/src/linux-headers-4.4.0-174-generic/scripts/mod/.sumversion.o.cmd
-rw-r--r-- 1 root root 2425 Jan 28 23:59 /usr/src/linux-headers-4.4.0-174-generic/scripts/mod/.empty.o.cmd
-rw-r--r-- 1 root root 153 Jan 28 23:59 /usr/src/linux-headers-4.4.0-174-generic/scripts/genksyms/.genksyms.cmd
-rw-r--r-- 1 root root 2481 Jan 28 23:59 /usr/src/linux-headers-4.4.0-174-generic/scripts/genksyms/.parse.tab.o.cmd
-rw-r--r-- 1 root root 3347 Jan 28 23:59 /usr/src/linux-headers-4.4.0-174-generic/scripts/genksyms/.lex.lex.o.cmd
-rw-r--r-- 1 root root 2719 Jan 28 23:59 /usr/src/linux-headers-4.4.0-174-generic/scripts/genksyms/.genksyms.o.cmd
-rw-r--r-- 1 root root 4495 Jan 28 23:59 /usr/src/linux-headers-4.4.0-174-generic/scripts/.extract-cert.cmd
-rw-r--r-- 1 root root 2380 Jan 28 23:59 /usr/src/linux-headers-4.4.0-174-generic/scripts/.kallsyms.cmd
-rw-r--r-- 1 root root 5133 Jan 28 23:59 /usr/src/linux-headers-4.4.0-174-generic/scripts/.sign-file.cmd
-rw-r--r-- 1 root root 1193 Jan 28 23:59 /usr/src/linux-headers-4.4.0-174-generic/scripts/basic/.bin2c.cmd
-rw-r--r-- 1 root root 4268 Jan 28 23:59 /usr/src/linux-headers-4.4.0-174-generic/scripts/basic/.fixdep.cmd
-rw-r--r-- 1 root root 3972 Jan 28 23:59 /usr/src/linux-headers-4.4.0-174-generic/scripts/.insert-sys-cert.cmd
-rw-r--r-- 1 root root 3387 Jan 28 23:59 /usr/src/linux-headers-4.4.0-174-generic/scripts/.recordmcount.cmd
-rw-r--r-- 1 root root 3253 Jan 28 23:59 /usr/src/linux-headers-4.4.0-174-generic/scripts/.asn1_compiler.cmd
-rw-r--r-- 1 root root 3568 Jan 28 23:59 /usr/src/linux-headers-4.4.0-174-generic/scripts/.sortextable.cmd
-rw-r--r-- 1 root root 3755 Jan 28 23:59 /usr/src/linux-headers-4.4.0-174-generic/scripts/kconfig/.conf.o.cmd
-rw-r--r-- 1 root root 4917 Jan 28 23:59 /usr/src/linux-headers-4.4.0-174-generic/scripts/kconfig/.zconf.tab.o.cmd
-rw-r--r-- 1 root root 110 Jan 28 23:59 /usr/src/linux-headers-4.4.0-174-generic/scripts/kconfig/.conf.cmd
-rw-r--r-- 1 root root 3239 Jan 28 23:59 /usr/src/linux-headers-4.4.0-174-generic/scripts/selinux/genheaders/.genheaders.cmd
-rw-r--r-- 1 root root 2839 Jan 28 23:59 /usr/src/linux-headers-4.4.0-174-generic/scripts/selinux/mdp/.mdp.cmd
-rw-r--r-- 1 root root 190974 Jan 28 23:59 /usr/src/linux-headers-4.4.0-174-generic/.config
-rw-r--r-- 1 root root 3607 Jan 28 23:59 /usr/src/linux-headers-4.4.0-174-generic/arch/x86/purgatory/.string.o.cmd
-rw-r--r-- 1 root root 1309 Jan 28 23:59 /usr/src/linux-headers-4.4.0-174-generic/arch/x86/purgatory/.stack.o.cmd
-rw-r--r-- 1 root root 3621 Jan 28 23:59 /usr/src/linux-headers-4.4.0-174-generic/arch/x86/purgatory/.purgatory.o.cmd
-rw-r--r-- 1 root root 1329 Jan 28 23:59 /usr/src/linux-headers-4.4.0-174-generic/arch/x86/purgatory/.entry64.o.cmd
-rw-r--r-- 1 root root 6208 Jan 28 23:59 /usr/src/linux-headers-4.4.0-174-generic/arch/x86/purgatory/.sha256.o.cmd
-rw-r--r-- 1 root root 360 Jan 28 23:59 /usr/src/linux-headers-4.4.0-174-generic/arch/x86/purgatory/.purgatory.ro.cmd
-rw-r--r-- 1 root root 1379 Jan 28 23:59 /usr/src/linux-headers-4.4.0-174-generic/arch/x86/purgatory/.setup-x86_64.o.cmd
-rw-r--r-- 1 root root 155 Jan 28 23:59 /usr/src/linux-headers-4.4.0-174-generic/arch/x86/purgatory/.kexec-purgatory.c.cmd
-rw-r--r-- 1 root root 320 Jan 28 23:59 /usr/src/linux-headers-4.4.0-174-generic/arch/x86/include/generated/asm/.unistd_32_ia32.h.cmd
-rw-r--r-- 1 root root 292 Jan 28 23:59 /usr/src/linux-headers-4.4.0-174-generic/arch/x86/include/generated/asm/.syscalls_64.h.cmd
-rw-r--r-- 1 root root 402 Jan 28 23:59 /usr/src/linux-headers-4.4.0-174-generic/arch/x86/include/generated/asm/.xen-hypercalls.h.cmd
-rw-r--r-- 1 root root 316 Jan 28 23:59 /usr/src/linux-headers-4.4.0-174-generic/arch/x86/include/generated/asm/.unistd_64_x32.h.cmd
-rw-r--r-- 1 root root 292 Jan 28 23:59 /usr/src/linux-headers-4.4.0-174-generic/arch/x86/include/generated/asm/.syscalls_32.h.cmd
-rw-r--r-- 1 root root 340 Jan 28 23:59 /usr/src/linux-headers-4.4.0-174-generic/arch/x86/include/generated/uapi/asm/.unistd_x32.h.cmd
-rw-r--r-- 1 root root 315 Jan 28 23:59 /usr/src/linux-headers-4.4.0-174-generic/arch/x86/include/generated/uapi/asm/.unistd_32.h.cmd
-rw-r--r-- 1 root root 320 Jan 28 23:59 /usr/src/linux-headers-4.4.0-174-generic/arch/x86/include/generated/uapi/asm/.unistd_64.h.cmd
-rw-r--r-- 1 root root 3342 Jan 28 23:59 /usr/src/linux-headers-4.4.0-174-generic/arch/x86/tools/.relocs_common.o.cmd
-rw-r--r-- 1 root root 3362 Jan 28 23:59 /usr/src/linux-headers-4.4.0-174-generic/arch/x86/tools/.relocs_64.o.cmd
-rw-r--r-- 1 root root 146 Jan 28 23:59 /usr/src/linux-headers-4.4.0-174-generic/arch/x86/tools/.relocs.cmd
-rw-r--r-- 1 root root 3362 Jan 28 23:59 /usr/src/linux-headers-4.4.0-174-generic/arch/x86/tools/.relocs_32.o.cmd
-rw-r--r-- 1 root root 53203 Jan 28 23:59 /usr/src/linux-headers-4.4.0-174-generic/arch/x86/kernel/.asm-offsets.s.cmd
-rw-r--r-- 1 root root 12506 Jan 28 23:59 /usr/src/linux-headers-4.4.0-174-generic/kernel/.bounds.s.cmd
-rw-r--r-- 1 root root 22 Jan 16  2019 /usr/src/linux-headers-4.4.0-142-generic/.11252.d
-rw-r--r-- 1 root root 820 Jan 16  2019 /usr/src/linux-headers-4.4.0-142-generic/.missing-syscalls.d
-rw-r--r-- 1 root root 190591 Jan 16  2019 /usr/src/linux-headers-4.4.0-142-generic/.config.old
-rw-r--r-- 1 root root 2391 Jan 16  2019 /usr/src/linux-headers-4.4.0-142-generic/scripts/.conmakehash.cmd
-rw-r--r-- 1 root root 3485 Jan 16  2019 /usr/src/linux-headers-4.4.0-142-generic/scripts/mod/.file2alias.o.cmd
-rw-r--r-- 1 root root 5327 Jan 16  2019 /usr/src/linux-headers-4.4.0-142-generic/scripts/mod/.devicetable-offsets.s.cmd
-rw-r--r-- 1 root root 2537 Jan 16  2019 /usr/src/linux-headers-4.4.0-142-generic/scripts/mod/.mk_elfconfig.cmd
-rw-r--r-- 1 root root 4622 Jan 16  2019 /usr/src/linux-headers-4.4.0-142-generic/scripts/mod/.modpost.o.cmd
-rw-r--r-- 1 root root 104 Jan 16  2019 /usr/src/linux-headers-4.4.0-142-generic/scripts/mod/.elfconfig.h.cmd
-rw-r--r-- 1 root root 129 Jan 16  2019 /usr/src/linux-headers-4.4.0-142-generic/scripts/mod/.modpost.cmd
-rw-r--r-- 1 root root 4451 Jan 16  2019 /usr/src/linux-headers-4.4.0-142-generic/scripts/mod/.sumversion.o.cmd
-rw-r--r-- 1 root root 2425 Jan 16  2019 /usr/src/linux-headers-4.4.0-142-generic/scripts/mod/.empty.o.cmd
-rw-r--r-- 1 root root 153 Jan 16  2019 /usr/src/linux-headers-4.4.0-142-generic/scripts/genksyms/.genksyms.cmd
-rw-r--r-- 1 root root 2481 Jan 16  2019 /usr/src/linux-headers-4.4.0-142-generic/scripts/genksyms/.parse.tab.o.cmd
-rw-r--r-- 1 root root 3347 Jan 16  2019 /usr/src/linux-headers-4.4.0-142-generic/scripts/genksyms/.lex.lex.o.cmd
-rw-r--r-- 1 root root 2719 Jan 16  2019 /usr/src/linux-headers-4.4.0-142-generic/scripts/genksyms/.genksyms.o.cmd

[1;33m[+] [1;32mReadable files inside /tmp, /var/tmp, /var/backups(limit 70)
[0m-rw-r--r-- 1 root root 1593 Mar 10 18:07 /var/backups/apt.extended_states.1.gz
-rw-r--r-- 1 root root 17092 Mar 10 22:52 /var/backups/apt.extended_states.0

[1;33m[+] [1;32mInteresting writable files owned by me or writable by everyone (not in Home)
[0m[1;34m[i] [1;33mhttps://book.hacktricks.xyz/linux-unix/privilege-escalation#writable-files
[0m/dev/mqueue
/dev/mqueue/linpeas.txt28651
/dev/shm
/home/skyfuck
/run/lock
/run/user/1002
/run/user/1002/systemd
/tmp
/tmp/.font-unix
/tmp/.ICE-unix
/tmp/.Test-unix
/tmp/VMwareDnD
/tmp/.X11-unix
/tmp/.XIM-unix
/var/tmp

[1;33m[+] [1;32mInteresting GROUP writable files (not in Home)
[0m[1;34m[i] [1;33mhttps://book.hacktricks.xyz/linux-unix/privilege-escalation#writable-files
[0m  Group [1;32mskyfuck:
[0m/dev/mqueue/linpeas.txt28651

[1;33m[+] [1;32mSearching passwords in config PHP files
[0m
[1;33m[+] [1;32mFinding IPs inside logs (limit 70)
[0m     80 /var/log/dpkg.log:1.16.04.1
     25 /var/log/dpkg.log:1.16.04.2
     20 /var/log/dpkg.log:3.16.04.4
     15 /var/log/dpkg.log:3.16.04.5
     14 /var/log/dpkg.log:1.16.04.4
     11 /var/log/dpkg.log:6.16.04.1
     10 /var/log/apt/history.log:1.16.04.1
      9 /var/log/dpkg.log:2.16.04.2
      6 /var/log/wtmp:192.168.85.1
      5 /var/log/installer/status:1.16.04.1
      4 /var/log/installer/status:1.2.3.3
      3 /var/log/apt/history.log:1.16.04.2
      2 /var/log/apt/history.log:3.16.04.4
      2 /var/log/apt/history.log:1.16.04.4
      1 /var/log/wtmp:10.8.2.244
      1 /var/log/lastlog:192.168.85.1
      1 /var/log/lastlog:10.8.2.244
      1 /var/log/installer/status:2.21.63.9
      1 /var/log/apt/history.log:6.16.04.1
      1 /var/log/apt/history.log:3.16.04.5
      1 /var/log/apt/history.log:2.16.04.2

[1;33m[+] [1;32mFinding passwords inside logs (limit 70)
[0m/var/log/bootstrap.log: base-[1;31mpassw[0md depends on libc6 (>= 2.8); however:
/var/log/bootstrap.log: base-[1;31mpassw[0md depends on libdebconfclient0 (>= 0.145); however:
/var/log/bootstrap.log:dpkg: base-[1;31mpassw[0md: dependency problems, but configuring anyway as you requested:
/var/log/bootstrap.log:Preparing to unpack .../base-[1;31mpassw[0md_3.5.39_amd64.deb ...
/var/log/bootstrap.log:Preparing to unpack .../[1;31mpassw[0md_1%3a4.2-3.1ubuntu5_amd64.deb ...
/var/log/bootstrap.log:Selecting previously unselected package base-[1;31mpassw[0md.
/var/log/bootstrap.log:Selecting previously unselected package [1;31mpassw[0md.
/var/log/bootstrap.log:Setting up base-[1;31mpassw[0md (3.5.39) ...
/var/log/bootstrap.log:Setting up [1;31mpassw[0md (1:4.2-3.1ubuntu5) ...
/var/log/bootstrap.log:Shadow [1;31mpassw[0mords are now on.
/var/log/bootstrap.log:Unpacking base-[1;31mpassw[0md (3.5.39) ...
/var/log/bootstrap.log:Unpacking base-[1;31mpassw[0md (3.5.39) over (3.5.39) ...
/var/log/bootstrap.log:Unpacking [1;31mpassw[0md (1:4.2-3.1ubuntu5) ...
/var/log/dpkg.log:2019-02-26 23:58:11 configure base-[1;31mpassw[0md:amd64 3.5.39 3.5.39
/var/log/dpkg.log:2019-02-26 23:58:11 install base-[1;31mpassw[0md:amd64 <none> 3.5.39
/var/log/dpkg.log:2019-02-26 23:58:11 status half-configured base-[1;31mpassw[0md:amd64 3.5.39
/var/log/dpkg.log:2019-02-26 23:58:11 status half-installed base-[1;31mpassw[0md:amd64 3.5.39
/var/log/dpkg.log:2019-02-26 23:58:11 status installed base-[1;31mpassw[0md:amd64 3.5.39
/var/log/dpkg.log:2019-02-26 23:58:11 status unpacked base-[1;31mpassw[0md:amd64 3.5.39
/var/log/dpkg.log:2019-02-26 23:58:13 status half-configured base-[1;31mpassw[0md:amd64 3.5.39
/var/log/dpkg.log:2019-02-26 23:58:13 status half-installed base-[1;31mpassw[0md:amd64 3.5.39
/var/log/dpkg.log:2019-02-26 23:58:13 status unpacked base-[1;31mpassw[0md:amd64 3.5.39
/var/log/dpkg.log:2019-02-26 23:58:13 upgrade base-[1;31mpassw[0md:amd64 3.5.39 3.5.39
/var/log/dpkg.log:2019-02-26 23:58:19 install [1;31mpassw[0md:amd64 <none> 1:4.2-3.1ubuntu5
/var/log/dpkg.log:2019-02-26 23:58:19 status half-installed [1;31mpassw[0md:amd64 1:4.2-3.1ubuntu5
/var/log/dpkg.log:2019-02-26 23:58:19 status unpacked [1;31mpassw[0md:amd64 1:4.2-3.1ubuntu5
/var/log/dpkg.log:2019-02-26 23:58:22 configure base-[1;31mpassw[0md:amd64 3.5.39 <none>
/var/log/dpkg.log:2019-02-26 23:58:22 status half-configured base-[1;31mpassw[0md:amd64 3.5.39
/var/log/dpkg.log:2019-02-26 23:58:22 status installed base-[1;31mpassw[0md:amd64 3.5.39
/var/log/dpkg.log:2019-02-26 23:58:22 status unpacked base-[1;31mpassw[0md:amd64 3.5.39
/var/log/dpkg.log:2019-02-26 23:58:28 configure [1;31mpassw[0md:amd64 1:4.2-3.1ubuntu5 <none>
/var/log/dpkg.log:2019-02-26 23:58:28 status half-configured [1;31mpassw[0md:amd64 1:4.2-3.1ubuntu5
/var/log/dpkg.log:2019-02-26 23:58:28 status installed [1;31mpassw[0md:amd64 1:4.2-3.1ubuntu5
/var/log/dpkg.log:2019-02-26 23:58:28 status unpacked [1;31mpassw[0md:amd64 1:4.2-3.1ubuntu5
/var/log/dpkg.log:2019-02-26 23:59:08 status half-configured [1;31mpassw[0md:amd64 1:4.2-3.1ubuntu5
/var/log/dpkg.log:2019-02-26 23:59:08 status half-installed [1;31mpassw[0md:amd64 1:4.2-3.1ubuntu5
/var/log/dpkg.log:2019-02-26 23:59:08 status unpacked [1;31mpassw[0md:amd64 1:4.2-3.1ubuntu5
/var/log/dpkg.log:2019-02-26 23:59:08 status unpacked [1;31mpassw[0md:amd64 1:4.2-3.1ubuntu5.3
/var/log/dpkg.log:2019-02-26 23:59:08 upgrade [1;31mpassw[0md:amd64 1:4.2-3.1ubuntu5 1:4.2-3.1ubuntu5.3
/var/log/dpkg.log:2019-02-26 23:59:09 configure [1;31mpassw[0md:amd64 1:4.2-3.1ubuntu5.3 <none>
/var/log/dpkg.log:2019-02-26 23:59:09 status half-configured [1;31mpassw[0md:amd64 1:4.2-3.1ubuntu5.3
/var/log/dpkg.log:2019-02-26 23:59:09 status installed [1;31mpassw[0md:amd64 1:4.2-3.1ubuntu5.3
/var/log/dpkg.log:2019-02-26 23:59:09 status unpacked [1;31mpassw[0md:amd64 1:4.2-3.1ubuntu5.3
/var/log/dpkg.log:2020-03-10 18:08:06 status half-configured [1;31mpassw[0md:amd64 1:4.2-3.1ubuntu5.3
/var/log/dpkg.log:2020-03-10 18:08:06 status half-installed [1;31mpassw[0md:amd64 1:4.2-3.1ubuntu5.3
/var/log/dpkg.log:2020-03-10 18:08:06 status unpacked [1;31mpassw[0md:amd64 1:4.2-3.1ubuntu5.3
/var/log/dpkg.log:2020-03-10 18:08:06 status unpacked [1;31mpassw[0md:amd64 1:4.2-3.1ubuntu5.4
/var/log/dpkg.log:2020-03-10 18:08:06 upgrade [1;31mpassw[0md:amd64 1:4.2-3.1ubuntu5.3 1:4.2-3.1ubuntu5.4
/var/log/dpkg.log:2020-03-10 18:08:07 configure [1;31mpassw[0md:amd64 1:4.2-3.1ubuntu5.4 <none>
/var/log/dpkg.log:2020-03-10 18:08:07 status half-configured [1;31mpassw[0md:amd64 1:4.2-3.1ubuntu5.4
/var/log/dpkg.log:2020-03-10 18:08:07 status installed [1;31mpassw[0md:amd64 1:4.2-3.1ubuntu5.4
/var/log/dpkg.log:2020-03-10 18:08:07 status unpacked [1;31mpassw[0md:amd64 1:4.2-3.1ubuntu5.4
/var/log/installer/status:Description: Set up users and [1;31mpassw[0mords

[1;33m[+] [1;32mFinding emails inside logs (limit 70)
[0m     58 /var/log/installer/status:[1;32mubuntu-devel-discuss@lists.ubuntu.com[0m
     28 /var/log/installer/status:[1;32mubuntu-installer@lists.ubuntu.com[0m
     17 /var/log/installer/status:[1;32mkernel-team@lists.ubuntu.com[0m
      4 /var/log/bootstrap.log:[1;32mftpmaster@ubuntu.com[0m

[1;33m[+] [1;32mFinding *password* or *credential* files in home (limit 70)
[0m/home/skyfuck/[1;31mcredential[0m.pgp

[1;33m[+] [1;32mFinding 'pwd' or 'passw' variables inside /home /var/www /var/backups /tmp /etc /root /mnt (limit 70)
[0m/etc/bash_completion.d/grub:__grub_mk[1;31mpassw[0md_pbkdf2_program="grub-mk[1;31mpassw[0md-pbkdf2"
/etc/nsswitch.conf:[1;31mpassw[0md:         compat
/etc/security/namespace.init:                gid=$(echo "$[1;31mpassw[0md" | cut -f4 -d":")
/etc/security/namespace.init:        homedir=$(echo "$[1;31mpassw[0md" | cut -f6 -d":")
/etc/security/namespace.init:        [1;31mpassw[0md=$(getent [1;31mpassw[0md "$user")
/home/skyfuck/linpeas.sh:      SHELLUSERS=`cat /etc/[1;31mpassw[0md 2>/dev/null | grep -i "sh$" | cut -d ":" -f 1`

[1;33m[+] [1;32mFinding possible password variables inside /home /var/www /var/backups /tmp /etc /root /mnt (limit 70)
[0m
[1;33m[+] [1;32mFinding 'username' string inside /home /var/www /var/backups /tmp /etc /root /mnt (limit 70)
[0m/home/skyfuck/linpeas.sh:    for f in $tomcat; do grep "[1;31musername[0m=" $f 2>/dev/null | grep "password=" | sed "s,.*,${C}[1;31m&${C}[0m,"; done

[1;33m[+] [1;32mLooking for specific hashes inside files - less false positives (limit 70)
[0m
