Starting enum4linux v0.8.9 ( http://labs.portcullis.co.uk/application/enum4linux/ ) on Wed May  6 17:40:02 2020

 ========================== 
|    Target Information    |
 ========================== 
Target ........... 10.10.242.218
RID Range ........ 500-550,1000-1050
Username ......... ''
Password ......... ''
Known Usernames .. administrator, guest, krbtgt, domain admins, root, bin, none


 ===================================================== 
|    Enumerating Workgroup/Domain on 10.10.242.218    |
 ===================================================== 
[E] Can't find workgroup/domain


 ============================================= 
|    Nbtstat Information for 10.10.242.218    |
 ============================================= 
Looking up status of 10.10.242.218
No reply from 10.10.242.218

 ====================================== 
|    Session Check on 10.10.242.218    |
 ====================================== 
[+] Server 10.10.242.218 allows sessions using username '', password ''
[+] Got domain/workgroup name: 

 ============================================ 
|    Getting domain SID for 10.10.242.218    |
 ============================================ 
Domain Name: THM-AD
Domain Sid: S-1-5-21-3591857110-2884097990-301047963
[+] Host is part of a domain (not a workgroup)

 ======================================= 
|    OS information on 10.10.242.218    |
 ======================================= 
[+] Got OS info for 10.10.242.218 from smbclient: 
[+] Got OS info for 10.10.242.218 from srvinfo:
Could not initialise srvsvc. Error was NT_STATUS_ACCESS_DENIED

 ============================== 
|    Users on 10.10.242.218    |
 ============================== 
[E] Couldn't find users using querydispinfo: NT_STATUS_ACCESS_DENIED

[E] Couldn't find users using enumdomusers: NT_STATUS_ACCESS_DENIED

 ========================================== 
|    Share Enumeration on 10.10.242.218    |
 ========================================== 

	Sharename       Type      Comment
	---------       ----      -------
SMB1 disabled -- no workgroup available

[+] Attempting to map shares on 10.10.242.218

 ===================================================== 
|    Password Policy Information for 10.10.242.218    |
 ===================================================== 
[E] Unexpected error from polenum:


[+] Attaching to 10.10.242.218 using a NULL share

[+] Trying protocol 139/SMB...

	[!] Protocol failed: Cannot request session (Called Name:10.10.242.218)

[+] Trying protocol 445/SMB...

	[!] Protocol failed: Missing required parameter 'digestmod'.


[E] Failed to get password policy with rpcclient


 =============================== 
|    Groups on 10.10.242.218    |
 =============================== 

[+] Getting builtin groups:

[+] Getting builtin group memberships:

[+] Getting local groups:

[+] Getting local group memberships:

[+] Getting domain groups:

[+] Getting domain group memberships:

 ======================================================================== 
|    Users on 10.10.242.218 via RID cycling (RIDS: 500-550,1000-1050)    |
 ======================================================================== 
[I] Found new SID: S-1-5-21-3591857110-2884097990-301047963
[+] Enumerating users using SID S-1-5-21-3591857110-2884097990-301047963 and logon username '', password ''
S-1-5-21-3591857110-2884097990-301047963-519 THM-AD\Enterprise Admins (Domain Group)
S-1-5-21-3591857110-2884097990-301047963-520 THM-AD\Group Policy Creator Owners (Domain Group)
S-1-5-21-3591857110-2884097990-301047963-521 THM-AD\Read-only Domain Controllers (Domain Group)
S-1-5-21-3591857110-2884097990-301047963-522 THM-AD\Cloneable Domain Controllers (Domain Group)
S-1-5-21-3591857110-2884097990-301047963-523 *unknown*\*unknown* (8)
S-1-5-21-3591857110-2884097990-301047963-524 *unknown*\*unknown* (8)
S-1-5-21-3591857110-2884097990-301047963-525 THM-AD\Protected Users (Domain Group)
S-1-5-21-3591857110-2884097990-301047963-526 THM-AD\Key Admins (Domain Group)
S-1-5-21-3591857110-2884097990-301047963-527 THM-AD\Enterprise Key Admins (Domain Group)
S-1-5-21-3591857110-2884097990-301047963-528 *unknown*\*unknown* (8)
S-1-5-21-3591857110-2884097990-301047963-529 *unknown*\*unknown* (8)
S-1-5-21-3591857110-2884097990-301047963-530 *unknown*\*unknown* (8)
S-1-5-21-3591857110-2884097990-301047963-531 *unknown*\*unknown* (8)
S-1-5-21-3591857110-2884097990-301047963-532 *unknown*\*unknown* (8)
S-1-5-21-3591857110-2884097990-301047963-533 *unknown*\*unknown* (8)
S-1-5-21-3591857110-2884097990-301047963-534 *unknown*\*unknown* (8)
S-1-5-21-3591857110-2884097990-301047963-535 *unknown*\*unknown* (8)
S-1-5-21-3591857110-2884097990-301047963-536 *unknown*\*unknown* (8)
S-1-5-21-3591857110-2884097990-301047963-537 *unknown*\*unknown* (8)
S-1-5-21-3591857110-2884097990-301047963-538 *unknown*\*unknown* (8)
S-1-5-21-3591857110-2884097990-301047963-539 *unknown*\*unknown* (8)
S-1-5-21-3591857110-2884097990-301047963-540 *unknown*\*unknown* (8)
S-1-5-21-3591857110-2884097990-301047963-541 *unknown*\*unknown* (8)
S-1-5-21-3591857110-2884097990-301047963-542 *unknown*\*unknown* (8)
S-1-5-21-3591857110-2884097990-301047963-543 *unknown*\*unknown* (8)
S-1-5-21-3591857110-2884097990-301047963-544 *unknown*\*unknown* (8)
S-1-5-21-3591857110-2884097990-301047963-545 *unknown*\*unknown* (8)
S-1-5-21-3591857110-2884097990-301047963-546 *unknown*\*unknown* (8)
S-1-5-21-3591857110-2884097990-301047963-547 *unknown*\*unknown* (8)
S-1-5-21-3591857110-2884097990-301047963-548 *unknown*\*unknown* (8)
S-1-5-21-3591857110-2884097990-301047963-549 *unknown*\*unknown* (8)
S-1-5-21-3591857110-2884097990-301047963-550 *unknown*\*unknown* (8)
S-1-5-21-3591857110-2884097990-301047963-1000 THM-AD\ATTACKTIVEDIREC$ (Local User)
S-1-5-21-3591857110-2884097990-301047963-1001 *unknown*\*unknown* (8)
S-1-5-21-3591857110-2884097990-301047963-1002 *unknown*\*unknown* (8)
S-1-5-21-3591857110-2884097990-301047963-1003 *unknown*\*unknown* (8)
S-1-5-21-3591857110-2884097990-301047963-1004 *unknown*\*unknown* (8)
S-1-5-21-3591857110-2884097990-301047963-1005 *unknown*\*unknown* (8)
S-1-5-21-3591857110-2884097990-301047963-1006 *unknown*\*unknown* (8)
S-1-5-21-3591857110-2884097990-301047963-1007 *unknown*\*unknown* (8)
S-1-5-21-3591857110-2884097990-301047963-1008 *unknown*\*unknown* (8)
S-1-5-21-3591857110-2884097990-301047963-1009 *unknown*\*unknown* (8)
S-1-5-21-3591857110-2884097990-301047963-1010 *unknown*\*unknown* (8)
S-1-5-21-3591857110-2884097990-301047963-1011 *unknown*\*unknown* (8)
S-1-5-21-3591857110-2884097990-301047963-1012 *unknown*\*unknown* (8)
S-1-5-21-3591857110-2884097990-301047963-1013 *unknown*\*unknown* (8)
S-1-5-21-3591857110-2884097990-301047963-1014 *unknown*\*unknown* (8)
S-1-5-21-3591857110-2884097990-301047963-1015 *unknown*\*unknown* (8)
S-1-5-21-3591857110-2884097990-301047963-1016 *unknown*\*unknown* (8)
S-1-5-21-3591857110-2884097990-301047963-1017 *unknown*\*unknown* (8)
S-1-5-21-3591857110-2884097990-301047963-1018 *unknown*\*unknown* (8)
S-1-5-21-3591857110-2884097990-301047963-1019 *unknown*\*unknown* (8)
S-1-5-21-3591857110-2884097990-301047963-1020 *unknown*\*unknown* (8)
S-1-5-21-3591857110-2884097990-301047963-1021 *unknown*\*unknown* (8)
S-1-5-21-3591857110-2884097990-301047963-1022 *unknown*\*unknown* (8)
S-1-5-21-3591857110-2884097990-301047963-1023 *unknown*\*unknown* (8)
S-1-5-21-3591857110-2884097990-301047963-1024 *unknown*\*unknown* (8)
S-1-5-21-3591857110-2884097990-301047963-1025 *unknown*\*unknown* (8)
S-1-5-21-3591857110-2884097990-301047963-1026 *unknown*\*unknown* (8)
S-1-5-21-3591857110-2884097990-301047963-1027 *unknown*\*unknown* (8)
S-1-5-21-3591857110-2884097990-301047963-1028 *unknown*\*unknown* (8)

 ============================================== 
|    Getting printer info for 10.10.242.218    |
 ============================================== 
Cannot connect to server.  Error was NT_STATUS_IO_TIMEOUT


enum4linux complete on Wed May  6 17:47:16 2020

