
     [48;5;108m     [48;5;59m [48;5;71m [48;5;77m       [48;5;22m [48;5;108m   [48;5;114m [48;5;59m [49m
     [48;5;108m  [48;5;71m [48;5;22m [48;5;113m [48;5;71m [48;5;94m [48;5;214m  [48;5;58m [48;5;214m    [48;5;100m [48;5;71m  [48;5;16m [48;5;108m  [49m
     [48;5;65m [48;5;16m [48;5;22m [48;5;214m      [48;5;16m [48;5;214m        [48;5;65m  [49m
     [48;5;65m [48;5;214m       [48;5;16m [48;5;214m [48;5;16m [48;5;214m       [48;5;136m [48;5;65m [49m
     [48;5;23m [48;5;214m          [48;5;178m [48;5;214m       [48;5;65m [49m
     [48;5;16m [48;5;214m         [48;5;136m [48;5;94m   [48;5;136m [48;5;214m    [48;5;65m [49m
     [48;5;58m [48;5;214m  [48;5;172m [48;5;64m [48;5;77m             [48;5;71m [48;5;65m [49m
     [48;5;16m [48;5;71m [48;5;77m  [48;5;71m [48;5;77m         [48;5;71m [48;5;77m   [48;5;65m  [49m
     [48;5;59m [48;5;71m [48;5;77m [48;5;77m [48;5;16m [48;5;77m         [48;5;16m [48;5;77m   [48;5;65m  [49m
     [48;5;65m  [48;5;77m      [48;5;71m [48;5;16m [48;5;77m    [48;5;113m [48;5;77m   [48;5;65m  [49m
     [48;5;65m [48;5;16m [48;5;77m  [48;5;150m [48;5;113m [48;5;77m        [48;5;150m [48;5;113m [48;5;77m [48;5;65m [48;5;59m [48;5;65m [49m
     [48;5;16m [48;5;65m [48;5;71m [48;5;77m             [48;5;71m [48;5;22m [48;5;65m  [49m
     [48;5;108m  [48;5;107m [48;5;59m [48;5;77m           [48;5;16m [48;5;114m [48;5;108m   [49m
[1;94m  linpeas v2.4.0[0m[1;33m by carlospolop
[0m
[1;33mADVISORY: [1;34mlinpeas should be used for authorized penetration testing and/or educational purposes only. Any misuse of this software will not be the responsibility of the author or of any other collaborator. Use it at your own networks and/or with the network owner's permission.
[0m
[1;34mLinux Privesc Checklist: [1;33mhttps://book.hacktricks.xyz/linux-unix/linux-privilege-escalation-checklist
[0m [1;4mLEGEND[0m:
  [1;31;103mRED/YELLOW[0m: 99% a PE vector
  [1;31mRED[0m: You must take a look at it
  [1;96mLightCyan[0m: Users with console
  [1;34mBlue[0m: Users without console & mounted devs
  [1;32mGreen[0m: Common things (users, groups, SUID/SGID, mounts, .sh scripts, cronjobs) 
  LightMangeta: Your username


[1;34m====================================( [1;32mBasic information[1;34m )=====================================
[0m[1;37mOS: [0mLinux version[1;31m 3.10.0[0m-1062.el7.x86_64 (mockbuild@kbuilder.bsys.centos.org) (gcc version 4.8.5 20150623 (Red Hat 4.8.5-36) (GCC) ) #1 SMP Wed Aug 7 18:08:02 UTC 2019
[1;37mUser & Groups: [0muid=1000([1;96m[1;95mjjameson[0m[0m) gid=1000([1;96m[1;95mjjameson[0m[0m) groups=1000([1;96m[1;95mjjameson[0m[0m)
[1;37mHostname: [0mdailybugle
[1;37mWritable folder: [0m/dev/shm
[1;33m[+] [1;32m/usr/bin/ping[1;34m is available for network discovery[1;37m (linpeas can discover hosts, learn more with -h)
[0m[1;33m[+] [1;32m/usr/bin/nc[1;34m is available for network discover & port scanning[1;37m (linpeas can discover hosts and scan ports, learn more with -h)
[0m[1;33m[+] [1;32mnmap[1;34m is available for network discover & port scanning, you should use it yourself
[0m

[1;34m====================================( [1;32mSystem Information[1;34m )====================================
[0m[1;33m[+] [1;32mOperative system
[0m[1;34m[i] [1;33mhttps://book.hacktricks.xyz/linux-unix/privilege-escalation#kernel-exploits
[0mLinux version[1;31m 3.10.0[0m-1062.el7.x86_64 (mockbuild@kbuilder.bsys.centos.org) (gcc version 4.8.5 20150623 (Red Hat 4.8.5-36) (GCC) ) #1 SMP Wed Aug 7 18:08:02 UTC 2019

[1;33m[+] [1;32mSudo version
[0m[1;34m[i] [1;33mhttps://book.hacktricks.xyz/linux-unix/privilege-escalation#sudo-version
[0mSudo version 1.8.23

[1;33m[+] [1;32mPATH
[0m[1;34m[i] [1;33mAny writable folder in original PATH? (a new completed path will be exported)
[0m/usr/local/bin:/usr/bin:/usr/local/sbin:/usr/sbin:[1;31;103m/home/jjameson[0m/.local/bin:[1;31;103m/home/jjameson[0m/bin
New path exported: /usr/local/bin:/usr/bin:/usr/local/sbin:/usr/sbin:[1;31;103m/home/jjameson[0m/.local/bin:[1;31;103m/home/jjameson[0m/bin:/sbin:/bin

[1;33m[+] [1;32mDate
[0mMon May 11 08:56:20 EDT 2020

[1;33m[+] [1;32mSystem stats
[0mFilesystem               Size  Used Avail Use% Mounted on
devtmpfs                 230M     0  230M   0% /dev
tmpfs                    243M  168K  243M   1% /dev/shm
tmpfs                    243M  4.5M  239M   2% /run
tmpfs                    243M     0  243M   0% /sys/fs/cgroup
/dev/mapper/centos-root   13G  1.6G   12G  13% /
/dev/xvda1              1014M  174M  841M  18% /boot
tmpfs                     49M     0   49M   0% /run/user/1000
              total        used        free      shared  buff/cache   available
Mem:         496968      353304       11296        1552      132368      128996
Swap:       1609724       12544     1597180

[1;33m[+] [1;32mEnvironment
[0m[1;34m[i] [1;33mAny private information inside environment variables?
[0mXDG_SESSION_ID=3
HOSTNAME=dailybugle
SHELL=/bin/bash
TERM=xterm-256color
HISTSIZE=0
SSH_CLIENT=10.8.2.244 54236 22
SSH_TTY=/dev/pts/0
HISTFILESIZE=0
USER=jjameson
PATH=/usr/local/bin:/usr/bin:/usr/local/sbin:/usr/sbin:/home/jjameson/.local/bin:/home/jjameson/bin:/sbin:/bin
MAIL=/var/spool/mail/jjameson
LANG=en_US.utf8
HISTCONTROL=ignoredups
HOME=/home/jjameson
SHLVL=2
LOGNAME=jjameson
SSH_CONNECTION=10.8.2.244 54236 10.10.102.159 22
LESSOPEN=||/usr/bin/lesspipe.sh %s
XDG_RUNTIME_DIR=/run/user/1000
HISTFILE=/dev/null
_=/usr/bin/env

[1;33m[+] [1;32mLooking for Signature verification failed in dmseg
[0m[1;90m Not Found
[0m
[1;33m[+] [1;32mselinux enabled? .............. [0mSELinux status:                 [1;31mdisabled[0m
[1;33m[+] [1;32mPrinter? ...................... [0m[1;90mlpstat Not Found
[0m[1;33m[+] [1;32mIs this a container? .......... [0m[1;90mNo
[0m[1;33m[+] [1;32mIs ASLR enabled? .............. [0m[1;32mYes[0m

[1;34m=========================================( [1;32mDevices[1;34m )==========================================
[0m[1;33m[+] [1;32mAny sd* disk in /dev? (limit 20)
[0m
[1;33m[+] [1;32mUnmounted file-system?
[0m[1;34m[i] [1;33mCheck if you can mount umounted devices
[0m[1;34m[0m
[1;34m/dev/mapper/centos-root[0m	/	xfs	defaults	0 0
[1;34m[0mUUID=9e2c8318-174c-4a83-a33c-c7fd97b900fc	/boot	xfs	defaults	0 0
[1;34m[0m/dev/mapper/centos-[1;32mswap[0m	[1;32mswap[0m	[1;32mswap[0m	defaults	0 0


[1;34m====================================( [1;32mAvailable Software[1;34m )====================================
[0m[1;33m[+] [1;32mUseful software
[0m/usr/bin/nmap
/usr/bin/nc
/usr/bin/ncat
/usr/bin/wget
/usr/bin/curl
/usr/bin/ping
/usr/bin/make
/usr/bin/base64
/usr/bin/python
/usr/bin/python2
/usr/bin/python2.7
/usr/bin/perl
/usr/bin/php
/usr/bin/sudo

[1;33m[+] [1;32mCompilers Installed
[0m[1;90mCompilers Not Found
[0m

[1;34m================================( [1;32mProcesses, Cron & Services[1;34m )================================
[0m[1;33m[+] [1;32mCleaned processes
[0m[1;34m[i] [1;33mCheck weird & unexpected proceses run by root: https://book.hacktricks.xyz/linux-unix/privilege-escalation#processes
[0mUSER       PID %CPU %MEM    VSZ   RSS TTY      STAT START   TIME COMMAND
[1;31mroot[0m         1  0.0  0.2 190900  1464 ?        Ss   06:46   0:04 /usr/lib/systemd/systemd --switched-root --system --deserialize 22
[1;31mroot[0m       467  0.0  0.2  34984  1240 ?        Ss   06:46   0:01 /usr/lib/systemd/systemd-journald
[1;31mroot[0m       484  0.0  0.0 190372   128 ?        Ss   06:46   0:00 /usr/sbin/lvmetad -f
[1;31mroot[0m       490  0.0  0.1  44788   500 ?        Ss   06:46   0:01 /usr/lib/systemd/systemd-[1;32mudev[0md
[1;31mroot[0m       612  0.0  0.0  55528   176 ?        S<sl 06:46   0:00 /sbin/auditd
[1;31mroot[0m       634  0.0  0.1  26380   600 ?        Ss   06:46   0:00 /usr/lib/systemd/systemd-logind
[1;34mdbus[0m       635  0.0  0.1  58236   592 ?        Ss   06:46   0:00 /usr/bin/dbus-[1;32mdaemon [0m--system --address=systemd: --nofork --nopidfile --systemd-activation
[1;34mpolkitd[0m    636  0.0  0.0 612244   480 ?        Ssl  06:46   0:00 /usr/lib/polkit-1/polkitd --no-debug
[1;31mroot[0m       638  0.0  0.2 474136  1172 ?        Ssl  06:46   0:01 /usr/sbin/NetworkManager --no-[1;34mdaemon[0m
[1;34mchrony[0m     644  0.0  0.0 120404   384 ?        S    06:46   0:00 /usr/sbin/chronyd
[1;31mroot[0m       660  0.0  0.0 126288   376 ?        Ss   06:46   0:00 /usr/sbin/[1;32mcron[0md -n
[1;31mroot[0m       879  0.0  0.1 102896   520 ?        Ss   06:47   0:00 /sbin/dhclient -1 -q -lf /var/lib/dhclient/dhclient--eth0.lease -pf /var/run/dhclient-eth0.pid -H dailybugle eth0
[1;31mroot[0m       937  0.0  0.0 112920   396 ?        Ss   06:47   0:00 /usr/sbin/[1;34msshd[0m -D
[1;31mroot[0m       938  0.0  2.2 574200 11232 ?        Ssl  06:47   0:03 /usr/bin/python2 -Es /usr/sbin/tuned -l -P
[1;31mroot[0m       940  0.0  1.4 418124  7212 ?        Ss   06:47   0:03 /usr/sbin/httpd -DFOREGROUND
[1;31mroot[0m       943  0.0  0.4 218664  2144 ?        Ssl  06:47   0:01 /usr/sbin/r[1;32msyslog[0md -n
[1;31mroot[0m       982  0.0  0.0 110108   412 tty1     Ss+  06:47   0:00 /sbin/agetty --noclear tty1 linux
[1;31mroot[0m       984  0.0  0.0 110108   400 ttyS0    Ss+  06:47   0:00 /sbin/agetty --keep-baud 115200,38400,9600 ttyS0 vt220
[1;34mmysql[0m     1008  0.0  0.1 113316   604 ?        Ss   06:47   0:00 /bin/sh /usr/bin/mysqld_safe --basedir=/usr
[1;34mmysql[0m     1241  1.9 18.7 1174456 93168 ?       Sl   06:47   2:28 /usr/libexec/mysqld --basedir=/usr --datadir=/var/lib/mysql --plugin-dir=/usr/lib64/mysql/plugin --log-error=/var/log/mariadb/mariadb.log --pid-file=/var/run/mariadb/mariadb.pid --socket=/var/lib/mysql/mysql.sock
[1;31mroot[0m      1495  0.0  0.2  89700  1304 ?        Ss   06:47   0:00 /usr/libexec/[1;34mpostfix[0m/master -w
[1;34mpostfix[0m   1498  0.0  0.2  89996  1272 ?        S    06:47   0:00 qmgr -l -t unix -u
[1;34mapache[0m    2892  5.1  3.8 532652 19080 ?        S    07:25   4:43 /usr/sbin/httpd -DFOREGROUND
[1;34mapache[0m    2894  5.1  4.1 608244 20868 ?        S    07:25   4:43 /usr/sbin/httpd -DFOREGROUND
[1;34mapache[0m    2895  5.7  4.3 609412 21780 ?        S    07:25   5:13 /usr/sbin/httpd -DFOREGROUND
[1;34mapache[0m    3180  4.9  4.0 533772 20156 ?        S    07:27   4:21 /usr/sbin/httpd -DFOREGROUND
[1;96m[1;95mjjameson[0m[0m  3718  0.0  0.4 159936  2428 ?        S    08:50   0:00 [1;34msshd[0m: jjameson@pts/0
[1;96m[1;95mjjameson[0m[0m  3719  0.0  0.1 115448   784 pts/0    Ss   08:50   0:00 -bash
[1;96m[1;95mjjameson[0m[0m  4071  1.0  0.2 113464  1144 pts/0    S+   08:56   0:00 /bin/sh ./linpeas.sh
[1;96m[1;95mjjameson[0m[0m  4072  0.0  0.0 107956   316 pts/0    S+   08:56   0:00 tee linpeas.log
[1;96m[1;95mjjameson[0m[0m  4265  0.0  0.3 155372  1868 pts/0    R+   08:56   0:00 ps aux
[1;34mapache[0m    4608  0.0  4.4 609948 22288 ?        S    08:21   0:01 /usr/sbin/httpd -DFOREGROUND
[1;34mapache[0m    4609  0.3  4.8 537544 23856 ?        S    08:21   0:08 /usr/sbin/httpd -DFOREGROUND
[1;34mapache[0m    4610  0.0  4.2 608424 20996 ?        S    08:21   0:00 /usr/sbin/httpd -DFOREGROUND
[1;34mapache[0m    4616  0.0  4.0 533984 20280 ?        S    08:21   0:01 /usr/sbin/httpd -DFOREGROUND
[1;34mapache[0m    4633  0.1  3.4 530892 17316 ?        S    08:23   0:03 /usr/sbin/httpd -DFOREGROUND
[1;34mpostfix[0m   4668  0.0  0.2  89804  1196 ?        S    08:27   0:00 pickup -l -t unix -u
[1;34mapache[0m    4705  0.2  4.4 609480 22032 ?        S    08:33   0:02 /usr/sbin/httpd -DFOREGROUND
[1;34mapache[0m   20206  0.0  0.1  11688   504 ?        S    08:41   0:00 sh -c uname -a; w; id; /bin/sh -i
[1;34mapache[0m   20210  0.0  0.1  11824   600 ?        S    08:41   0:00 /bin/sh -i

[1;33m[+] [1;32mBinary processes permissions
[0m[1;34m[i] [1;33mhttps://book.hacktricks.xyz/linux-unix/privilege-escalation#processes
[0m   0 lrwxrwxrwx. 1 [1;32mroot[0m root    4 Dec 14 13:57 /bin/sh -> bash
 52K -rwxr-xr-x. 1 [1;32mroot[0m root  49K Aug  8  2019 /sbin/agetty
128K -rwxr-xr-x. 1 [1;32mroot[0m root 126K Aug  8  2019 /sbin/auditd
416K -rwxr-xr-x. 1 [1;32mroot[0m root 415K Aug  8  2019 /sbin/dhclient
220K -rwxr-xr-x. 1 [1;32mroot[0m root 219K Mar 14  2019 /usr/bin/[1;34mdbus[0m-daemon
   0 lrwxrwxrwx. 1 [1;32mroot[0m root    9 Dec 14 13:58 /usr/bin/python2 -> python2.7
 14M -rwxr-xr-x. 1 [1;32mroot[0m root  14M Aug  8  2019 /usr/libexec/[1;34mmysql[0md
172K -rwxr-xr-x. 1 [1;32mroot[0m root 169K Oct 30  2018 /usr/libexec/[1;34mpostfix[0m/master
120K -rwxr-xr-x. 1 [1;32mroot[0m root 118K Aug  8  2019 /usr/lib/polkit-1/[1;34mpolkitd[0m
1.6M -rwxr-xr-x. 1 [1;32mroot[0m root 1.6M Aug  8  2019 /usr/lib/systemd/systemd
340K -rwxr-xr-x. 1 [1;32mroot[0m root 339K Aug  8  2019 /usr/lib/systemd/systemd-journald
624K -rwxr-xr-x. 1 [1;32mroot[0m root 621K Aug  8  2019 /usr/lib/systemd/systemd-logind
408K -rwxr-xr-x. 1 [1;32mroot[0m root 407K Aug  8  2019 /usr/lib/systemd/systemd-udevd
264K -rwxr-xr-x. 1 [1;32mroot[0m root 264K Aug  8  2019 /usr/sbin/[1;34mchrony[0md
 72K -rwxr-xr-x. 1 [1;32mroot[0m root  69K Aug  8  2019 /usr/sbin/crond
512K -rwxr-xr-x. 1 [1;32mroot[0m root 512K Aug  8  2019 /usr/sbin/httpd
 72K -r-xr-xr-x. 1 [1;32mroot[0m root  72K Aug  8  2019 /usr/sbin/lvmetad
2.9M -rwxr-xr-x. 1 [1;32mroot[0m root 2.9M Aug  8  2019 /usr/sbin/NetworkManager
652K -rwxr-xr-x. 1 [1;32mroot[0m root 649K Aug  8  2019 /usr/sbin/r[1;32msyslog[0md
836K -rwxr-xr-x. 1 [1;32mroot[0m root 833K Aug  8  2019 /usr/sbin/[1;34msshd[0m

[1;33m[+] [1;32mCron jobs
[0m[1;34m[i] [1;33mhttps://book.hacktricks.xyz/linux-unix/privilege-escalation#scheduled-jobs
[0m-rw-------. 1 root root   0 Aug  8  2019 /etc/cron.deny
-rw-r--r--. 1 root root 451 Jun  9  2014 /etc/crontab

/etc/cron.d:
total 16
drwxr-xr-x.  2 root root   21 Dec 14 13:58 .
drwxr-xr-x. 79 root root 8192 Jan 14 18:27 ..
-rw-r--r--.  1 root root  128 Aug  8  2019 [1;32m0hourly[0m

/etc/cron.daily:
total 20
drwxr-xr-x.  2 root root   42 Dec 14 13:59 .
drwxr-xr-x. 79 root root 8192 Jan 14 18:27 ..
-rwx------.  1 root root  219 Oct 30  2018 [1;32mlogrotate[0m
-rwxr-xr-x.  1 root root  618 Oct 30  2018 [1;32mman-db[0m.cron

/etc/cron.hourly:
total 16
drwxr-xr-x.  2 root root   22 Jun  9  2014 .
drwxr-xr-x. 79 root root 8192 Jan 14 18:27 ..
-rwxr-xr-x.  1 root root  392 Aug  8  2019 [1;32m0anacron[0m

/etc/cron.monthly:
total 12
drwxr-xr-x.  2 root root    6 Jun  9  2014 .
drwxr-xr-x. 79 root root 8192 Jan 14 18:27 ..

/etc/cron.weekly:
total 12
drwxr-xr-x.  2 root root    6 Jun  9  2014 .
drwxr-xr-x. 79 root root 8192 Jan 14 18:27 ..
SHELL=/bin/bash
PATH=/s[1;34mbin:[0m/bin:/usr/sbin:/usr/bin
MAILTO=[1;31mroot[0m




[1;33m[+] [1;32mServices
[0m[1;34m[i] [1;33mSearch for outdated versions
[0mnetconsole module not loaded
Configured devices:
lo eth0
Currently active devices:
lo eth0


[1;34m===================================( [1;32mNetwork Information[1;34m )====================================
[0m[1;33m[+] [1;32mHostname, hosts and DNS
[0mdailybugle
127.0.0.1   localhost localhost.localdomain localhost4 localhost4.localdomain4
::1         localhost localhost.localdomain localhost6 localhost6.localdomain6
; generated by /usr/sbin/dhclient-script
search eu-west-1.compute.internal
nameserver 10.0.0.2

[1;33m[+] [1;32mContent of /etc/inetd.conf & /etc/xinetd.conf
[0m[1;90m/etc/inetd.conf Not Found
[0m
[1;33m[+] [1;32mNetworks and neighbours
[0mdefault 0.0.0.0
loopback 127.0.0.0
link-local 169.254.0.0
1: lo: <LOOPBACK,UP,LOWER_UP> mtu 65536 qdisc noqueue state UNKNOWN group default qlen 1000
    link/loopback 00:00:00:00:00:00 brd 00:00:00:00:00:00
    inet 127.0.0.1/8 scope host lo
       valid_lft forever preferred_lft forever
    inet6 ::1/128 scope host 
       valid_lft forever preferred_lft forever
2: eth0: <BROADCAST,MULTICAST,UP,LOWER_UP> mtu 9001 qdisc pfifo_fast state UP group default qlen 1000
    link/ether 02:ec:6e:d3:ca:5e brd ff:ff:ff:ff:ff:ff
    inet 10.10.102.159/16 brd 10.10.255.255 scope global dynamic eth0
       valid_lft 3409sec preferred_lft 3409sec
    inet6 fe80::ec:6eff:fed3:ca5e/64 scope link 
       valid_lft forever preferred_lft forever
10.10.0.1 dev eth0 lladdr 02:c8:85:b5:5a:aa REACHABLE

[1;33m[+] [1;32mIptables rules
[0m[1;90miptables rules Not Found
[0m
[1;33m[+] [1;32mActive Ports
[0m[1;34m[i] [1;33mhttps://book.hacktricks.xyz/linux-unix/privilege-escalation#internal-open-ports
[0m
[1;33m[+] [1;32mCan I sniff with tcpdump?
[0m[1;90mNo
[0m

[1;34m====================================( [1;32mUsers Information[1;34m )=====================================
[0m[1;33m[+] [1;32mMy user
[0m[1;34m[i] [1;33mhttps://book.hacktricks.xyz/linux-unix/privilege-escalation#groups
[0muid=1000([1;96m[1;95mjjameson[0m[0m) gid=1000([1;96m[1;95mjjameson[0m[0m) groups=1000([1;96m[1;95mjjameson[0m[0m)

[1;33m[+] [1;32mDo I have PGP keys?
[0m
[1;33m[+] [1;32mClipboard or highlighted text?
[0m[1;90mxsel and xclip Not Found
[0m
[1;33m[+] [1;32mTesting 'sudo -l' without password & /etc/sudoers
[0m[1;34m[i] [1;33mhttps://book.hacktricks.xyz/linux-unix/privilege-escalation#commands-with-sudo-and-suid-commands
[0mMatching Defaults entries for [1;31mjjameson[0m on dailybugle:
    !visiblepw, always_set_home, match_group_by_gid, always_query_group_plugin, env_reset, env_keep="COLORS DISPLAY HOSTNAME HISTSIZE KDEDIR LS_COLORS", env_keep+="MAIL PS1 PS2 QTDIR USERNAME LANG LC_ADDRESS LC_CTYPE", env_keep+="LC_COLLATE LC_IDENTIFICATION LC_MEASUREMENT LC_MESSAGES", env_keep+="LC_MONETARY LC_NAME LC_NUMERIC LC_PAPER LC_TELEPHONE", env_keep+="LC_TIME LC_[1;31mALL[0m LANGUAGE LINGUAS _XKB_CHARSET XAUTHORITY", secure_path=/sbin\:/bin\:/usr/sbin\:/usr/bin

User [1;31mjjameson[0m may run the following commands on dailybugle:
    ([1;31mALL[0m) [1;31mNOPASSWD[0m: /usr/bin/[1;31;103myum[0m

[1;33m[+] [1;32mChecking /etc/doas.conf
[0m[1;90m/etc/doas.conf Not Found
[0m
[1;33m[+] [1;32mChecking Pkexec policy
[0m
[1;33m[+] [1;32mDo not forget to test 'su' as any other user with shell: without password and with their names as password (I can't do it...)
[0m[1;33m[+] [1;32mDo not forget to execute 'sudo -l' without password or with valid password (if you know it)!!
[0m
[1;33m[+] [1;32mSuperusers
[0m[1;31mroot[0m:x:0:0:root:/root:/bin/bash

[1;33m[+] [1;32mUsers with console
[0m[1;96m[1;95mjjameson[0m[0m:x:1000:1000:Jonah Jameson:/home/jjameson:/bin/bash
[1;31mroot[0m:x:0:0:root:/root:/bin/bash

[1;33m[+] [1;32mAll users & groups
[0muid=0([1;31mroot[0m) gid=0[1;31m(root)[0m groups=0[1;31m(root)[0m
uid=1000([1;96m[1;95mjjameson[0m[0m) gid=1000([1;96m[1;95mjjameson[0m[0m) groups=1000([1;96m[1;95mjjameson[0m[0m)
uid=11([1;34moperator[0m) gid=0([1;31mroot[0m) groups=0[1;31m(root)[0m
uid=12([1;34mgames[0m) gid=100(users) groups=100(users)
uid=14([1;34mftp[0m) gid=50([1;34mftp[0m) groups=50([1;34mftp[0m)
uid=192([1;34msystemd-network[0m) gid=192([1;34msystemd-network[0m) groups=192([1;34msystemd-network[0m)
uid=1(bin) gid=1(bin) groups=1(bin)
uid=27([1;34mmysql[0m) gid=27([1;34mmysql[0m) groups=27([1;34mmysql[0m)
uid=2([1;34mdaemon[0m) gid=2([1;34mdaemon[0m) groups=2([1;34mdaemon[0m)
uid=3([1;34madm[0m) gid=4([1;34madm[0m) groups=4([1;34madm[0m)
uid=48([1;34mapache[0m) gid=48([1;34mapache[0m) groups=48([1;34mapache[0m)
uid=4([1;34mlp[0m) gid=7([1;34mlp[0m) groups=7([1;34mlp[0m)
uid=5([1;34msync[0m) gid=0([1;31mroot[0m) groups=0[1;31m(root)[0m
uid=6([1;34mshutdown[0m) gid=0([1;31mroot[0m) groups=0[1;31m(root)[0m
uid=74([1;34msshd[0m) gid=74([1;34msshd[0m) groups=74([1;34msshd[0m)
uid=7([1;34mhalt[0m) gid=0([1;31mroot[0m) groups=0[1;31m(root)[0m
uid=81([1;34mdbus[0m) gid=81([1;34mdbus[0m) groups=81([1;34mdbus[0m)
uid=89([1;34mpostfix[0m) gid=89([1;34mpostfix[0m) groups=89([1;34mpostfix[0m),12([1;34m[1;32mmail[0m[0m)
uid=8([1;34m[1;32mmail[0m[0m) gid=12([1;34m[1;32mmail[0m[0m) groups=12([1;34m[1;32mmail[0m[0m)
uid=998([1;34mchrony[0m) gid=996([1;34mchrony[0m) groups=996([1;34mchrony[0m)
uid=999([1;34mpolkitd[0m) gid=998([1;34mpolkitd[0m) groups=998([1;34mpolkitd[0m)
uid=99([1;34mnobody[0m) gid=99([1;34mnobody[0m) groups=99([1;34mnobody[0m)

[1;33m[+] [1;32mLogin now
[0m 08:56:22 up  2:10,  1 user,  load average: 0.00, 0.18, 0.35
USER     TTY      FROM             LOGIN@   IDLE   JCPU   PCPU WHAT
[1;96m[1;95mjjameson[0m[0m pts/0    ip-10-8-2-244.eu 08:50    6.00s  0.05s  0.00s w

[1;33m[+] [1;32mLast logons
[0m[1;96m[1;95mjjameson[0m[0m pts/0        netwars          Mon Dec 16 04:40 - 04:44  (00:03)    
reboot   system boot  3.10.0-1062.el7. Mon Dec 16 04:38 - 08:56 (147+03:18) 
[1;96m[1;95mjjameson[0m[0m pts/0        netwars          Sun Dec 15 18:54 - crash  (09:43)    
reboot   system boot  3.10.0-1062.el7. Sun Dec 15 18:53 - 08:56 (147+13:03) 
[1;96m[1;95mjjameson[0m[0m pts/0        netwars          Sat Dec 14 15:41 - crash (1+03:11)   
reboot   system boot  3.10.0-1062.el7. Sat Dec 14 15:40 - 08:56 (148+16:15) 
[1;96m[1;95mjjameson[0m[0m pts/0        netwars          Sat Dec 14 15:02 - 15:41  (00:38)    
reboot   system boot  3.10.0-1062.el7. Sat Dec 14 14:09 - 08:56 (148+17:46) 

wtmp begins Sat Dec 14 14:09:36 2019

[1;33m[+] [1;32mLast time logon each user
[0mUsername         Port     From             Latest
[1;31mroot[0m             pts/0    netwars          Mon Dec 16 05:11:46 -0500 2019
[1;96m[1;95mjjameson[0m[0m         pts/0    ip-10-8-2-244.eu Mon May 11 08:50:02 -0400 2020

[1;33m[+] [1;32mPassword policy
[0mPASS_MAX_DAYS	99999
PASS_MIN_DAYS	0
PASS_WARN_AGE	7
ENCRYPT_METHOD SHA512

[1;33m[+] [1;32mUser timers
[0m[1;90m Not Found
[0m
[1;34m===================================( [1;32mSoftware Information[1;34m )===================================
[0m[1;33m[+] [1;32mMySQL version
[0mmysql  Ver 15.1 Distrib 5.5.64-MariaDB, for Linux (x86_64) using readline 5.1

[1;33m[+] [1;32mMySQL connection using default root/root ........... [0m[1;90mNo
[0m[1;33m[+] [1;32mMySQL connection using root/toor ................... [0m[1;90mNo
[0m[1;33m[+] [1;32mMySQL connection using root/NOPASS ................. [0m[1;90mNo
[0m[1;33m[+] [1;32mLooking for mysql credentials and exec
[0m
[1;33m[+] [1;32mPostgreSQL version and pgadmin credentials
[0m[1;90m Not Found
[0m
[1;33m[+] [1;32mPostgreSQL connection to template0 using postgres/NOPASS ........ [0m[1;90mNo
[0m[1;33m[+] [1;32mPostgreSQL connection to template1 using postgres/NOPASS ........ [0m[1;90mNo
[0m[1;33m[+] [1;32mPostgreSQL connection to template0 using pgsql/NOPASS ........... [0m[1;90mNo
[0m[1;33m[+] [1;32mPostgreSQL connection to template1 using pgsql/NOPASS ........... [0m[1;90mNo
[0m
[1;33m[+] [1;32mApache server info
[0mVersion: Server version: Apache/2.4.6 (CentOS)
Server built:   Aug  8 2019 11:41:18

[1;33m[+] [1;32mLooking for PHPCookies
[0m[1;90m Not Found
[0m
[1;33m[+] [1;32mLooking for Wordpress wp-config.php files
[0m[1;90mwp-config.php Not Found
[0m
[1;33m[+] [1;32mLooking for Tomcat users file
[0m[1;90mtomcat-users.xml Not Found
[0m
[1;33m[+] [1;32mMongo information
[0m[1;90m Not Found
[0m
[1;33m[+] [1;32mLooking for supervisord configuration file
[0m[1;90msupervisord.conf Not Found
[0m
[1;33m[+] [1;32mLooking for cesi configuration file
[0m[1;90mcesi.conf Not Found
[0m
[1;33m[+] [1;32mLooking for Rsyncd config file
[0m[1;90mrsyncd.conf Not Found
[0m[1;33m[+] [1;32mLooking for Hostapd config file
[0m[1;90mhostapd.conf Not Found
[0m
[1;33m[+] [1;32mLooking for wifi conns file
[0m/etc/NetworkManager/system-connections/

[1;33m[+] [1;32mLooking for Anaconda-ks config files
[0m[1;90manaconda-ks.cfg Not Found
[0m
[1;33m[+] [1;32mLooking for .vnc directories and their passwd files
[0m[1;90m.vnc Not Found
[0m
[1;33m[+] [1;32mLooking for ldap directories and their hashes
[0m/var/www/html/libraries/vendor/joomla/ldap
/var/www/html/plugins/authentication/ldap
The password hash is from the {SSHA} to 'structural'

[1;33m[+] [1;32mLooking for .ovpn files and credentials
[0m[1;90m.ovpn Not Found
[0m
[1;33m[+] [1;32mLooking for ssl/ssh files
[0m  --> Some certificates were found:
/etc/pki/ca-trust/extracted/pem/objsign-ca-bundle.pem
/etc/pki/ca-trust/source/ca-bundle.legacy.crt


Looking inside /etc/ssh/ssh_config for interesting info
Host *
	GSSAPIAuthentication yes
	ForwardX11Trusted yes
	SendEnv LANG LC_CTYPE LC_NUMERIC LC_TIME LC_COLLATE LC_MONETARY LC_MESSAGES
	SendEnv LC_PAPER LC_NAME LC_ADDRESS LC_TELEPHONE LC_MEASUREMENT
	SendEnv LC_IDENTIFICATION LC_ALL LANGUAGE
	SendEnv XMODIFIERS

[1;33m[+] [1;32mLooking for unexpected auth lines in /etc/pam.d/sshd
[0m[1;31mauth	   required	pam_sepermit.so[0m
[1;31mauth       substack     password-auth[0m
[1;31mauth       include      postlogin[0m
[1;31m-auth      optional     pam_reauthorize.so prepare[0m
[1;31maccount    include      password-auth[0m
[1;31mpassword   include      password-auth[0m
[1;31msession    include      password-auth[0m
[1;31m-session   optional     pam_reauthorize.so prepare[0m

[1;33m[+] [1;32mLooking for Cloud credentials (AWS, Azure, GC)
[0m
[1;33m[+] [1;32mNFS exports?
[0m[1;34m[i] [1;33mhttps://book.hacktricks.xyz/linux-unix/privilege-escalation/nfs-no_root_squash-misconfiguration-pe
[0m[1;90m/etc/exports Not Found
[0m
[1;33m[+] [1;32mLooking for kerberos conf files and tickets
[0m[1;34m[i] [1;33mhttps://book.hacktricks.xyz/pentesting/pentesting-kerberos-88#pass-the-ticket-ptt
[0m[1;90mkrb5.conf Not Found
[0m[1;90mtickets kerberos Not Found
[0m[1;90mklist Not Found
[0m
[1;33m[+] [1;32mLooking for Kibana yaml
[0m[1;90mkibana.yml Not Found
[0m
[1;33m[+] [1;32mLooking for Knock configuration
[0m[1;90mKnock.config Not Found
[0m
[1;33m[+] [1;32mLooking for logstash files
[0m[1;90m Not Found
[0m
[1;33m[+] [1;32mLooking for elasticsearch files
[0m[1;90m Not Found
[0m
[1;33m[+] [1;32mLooking for Vault-ssh files
[0m[1;90mvault-ssh-helper.hcl Not Found
[0m
[1;33m[+] [1;32mLooking for AD cached hashes
[0m[1;90mcached hashes Not Found
[0m
[1;33m[+] [1;32mLooking for screen sessions
[1;34m[i] [1;33mhttps://book.hacktricks.xyz/linux-unix/privilege-escalation#open-shell-sessions
[0m[1;90mscreen Not Found
[0m
[1;33m[+] [1;32mLooking for tmux sessions
[1;34m[i] [1;33mhttps://book.hacktricks.xyz/linux-unix/privilege-escalation#open-shell-sessions
[0m[1;90mtmux Not Found
[0m
[1;33m[+] [1;32mLooking for Couchdb directory
[0m
[1;33m[+] [1;32mLooking for redis.conf
[0m
[1;33m[+] [1;32mLooking for dovecot files
[0m[1;90mdovecot credentials Not Found
[0m
[1;33m[+] [1;32mLooking for mosquitto.conf
[0m
[1;33m[+] [1;32mLooking for neo4j auth file
[0m
[1;33m[+] [1;32mLooking Cloud-Init conf file
[0m

[1;34m====================================( [1;32mInteresting Files[1;34m )=====================================
[0m[1;33m[+] [1;32mSUID - Check easy privesc, exploits and write perms
[0m[1;34m[i] [1;33mhttps://book.hacktricks.xyz/linux-unix/privilege-escalation#commands-with-sudo-and-suid-commands
[0m/usr/bin[1;32m/chage[0m
/usr/bin[1;32m/gpasswd[0m
/usr/bin[1;31m/chfn		--->	SuSE_9.3/10[0m
/usr/bin[1;32m/chsh[0m
/usr/bin[1;31m/newgrp		--->	HP-UX_10.20[0m
/usr/bin[1;32m/su[0m
/usr/bin[1;31m/sudo		--->	/sudo$[0m
/usr/bin[1;31m/mount		--->	Apple_Mac_OSX(Lion)_Kernel_xnu-1699.32.7_except_xnu-1699.24.8[0m
/usr/bin[1;31m/umount		--->	BSD/Linux(08-1996)[0m
/usr/bin[1;32m/crontab[0m
/usr/bin[1;31m/pkexec		--->	Linux4.10_to_5.1.17(CVE-2019-13272)/rhel_6(CVE-2011-1485)[0m
/usr/bin[1;31m/passwd		--->	Apple_Mac_OSX(03-2006)/Solaris_8/9(12-2004)/SPARC_8/9/Sun_Solaris_2.3_to_2.5.1(02-1997)[0m
/usr/sbin[1;32m/unix_chkpwd[0m
/usr/sbin[1;32m/pam_timestamp_check[0m
/usr/sbin[1;32m/usernetctl[0m
/usr/lib/polkit-1[1;32m/polkit-agent-helper-1[0m
/usr/libexec/dbus-1[1;32m/dbus-daemon-launch-helper[0m

[1;33m[+] [1;32mSGID
[0m[1;34m[i] [1;33mhttps://book.hacktricks.xyz/linux-unix/privilege-escalation#commands-with-sudo-and-suid-commands
[0m/usr/bin[1;32m/wall[0m
/usr/bin[1;32m/write[0m
/usr/bin[1;32m/ssh-agent[0m
/usr/sbin[1;32m/netreport[0m
/usr/sbin[1;32m/postdrop[0m
/usr/sbin[1;32m/postqueue[0m
/usr/libexec/utempter[1;32m/utempter[0m
/usr/libexec/openssh[1;32m/ssh-keysign[0m

[1;33m[+] [1;32mCapabilities
[0m[1;34m[i] [1;33mhttps://book.hacktricks.xyz/linux-unix/privilege-escalation#capabilities
[0m/usr/bin/newgidmap = cap_setgid+ep
/usr/bin/newuidmap = cap_setuid+ep
/usr/bin/ping = cap_net_admin,cap_net_raw+p
/usr/sbin[1;31m/arp[0ming = cap_net_raw+p
/usr/sbin/clockdiff = cap_net_raw+p
/usr/sbin/suexec = cap_setgid,cap_setuid+ep

[1;33m[+] [1;32mUsers with capabilities
[0m[1;90m/etc/security/capability.conf Not Found
[0m
[1;33m[+] [1;32m.sh files in path
[0m/usr/bin[1;32m/lesspipe.sh[0m
/usr/bin[1;32m/gettext.sh[0m
/usr/bin[1;32m/setup-nsssysinit.sh[0m
/usr/bin/rescan-scsi-bus.sh

[1;33m[+] [1;32mFiles (scripts) in /etc/profile.d/
[0mtotal 68
drwxr-xr-x.  2 root root  251 Dec 14 13:58 .
drwxr-xr-x. 79 root root 8192 Jan 14 18:27 ..
-rw-r--r--.  1 root root  771 Aug  8  2019 256term.csh
-rw-r--r--.  1 root root  841 Aug  8  2019 256term.sh
-rw-r--r--.  1 root root  196 Mar 24  2017 [1;32mcolorgrep.csh[0m
-rw-r--r--.  1 root root  201 Mar 24  2017 [1;32mcolorgrep.sh[0m
-rw-r--r--.  1 root root 1741 Aug  6  2019 colorls.csh
-rw-r--r--.  1 root root 1606 Aug  6  2019 colorls.sh
-rw-r--r--.  1 root root   80 Oct 30  2018 [1;32mcsh.local[0m
-rw-r--r--.  1 root root 1706 Aug  8  2019 [1;32mlang.csh[0m
-rw-r--r--.  1 root root 2703 Aug  8  2019 [1;32mlang.sh[0m
-rw-r--r--.  1 root root  123 Jul 30  2015 [1;32mless.csh[0m
-rw-r--r--.  1 root root  121 Jul 30  2015 [1;32mless.sh[0m
-rw-r--r--.  1 root root   81 Oct 30  2018 [1;32msh.local[0m
-rw-r--r--.  1 root root  164 Jan 27  2014 which2.csh
-rw-r--r--.  1 root root  169 Jan 27  2014 which2.sh

[1;33m[+] [1;32mHashes inside passwd file? ........... [0m[1;90mNo
[0m[1;33m[+] [1;32mHashes inside group file? ........... [0m[1;90mNo
[0m[1;33m[+] [1;32mCredentials in fstab/mtab? ........... [0m[1;90mNo
[0m[1;33m[+] [1;32mCan I read shadow files? ............. [0m[1;90mNo
[0m[1;33m[+] [1;32mCan I read root folder? .............. [0m[1;90mNo
[0m
[1;33m[+] [1;32mLooking for root files in home dirs (limit 20)
[0m/home

[1;33m[+] [1;32mLooking for others files in folders owned by me
[0m
[1;33m[+] [1;32mReadable files belonging to root and readable by me but not world readable
[0m
[1;33m[+] [1;32mModified interesting files in the last 5mins
[0m/var/log/cron
/var/log/messages
/var/log/secure
[1;31m/home/jjameson[0m/.gnupg/gpg.conf
[1;31m/home/jjameson[0m/.gnupg/pubring.gpg
[1;31m/home/jjameson[0m/.gnupg/trustdb.gpg

[1;33m[+] [1;32mWritable log files (logrotten)
[0m[1;34m[i] [1;33mhttps://book.hacktricks.xyz/linux-unix/privilege-escalation#logrotate-exploitation
[0mWritable:[1;31m /dev/shm/linpeas.log
[0m
[1;33m[+] [1;32mFiles inside /home/jjameson (limit 20)
[0mtotal 16
drwx------. 3 jjameson jjameson 113 May 11 08:56 .
drwxr-xr-x. 3 root     root      22 Dec 14 14:02 ..
lrwxrwxrwx  1 jjameson jjameson   9 Dec 14 15:41 .bash_history -> /dev/null
-rw-r--r--. 1 jjameson jjameson  18 Aug  8  2019 .bash_logout
-rw-r--r--. 1 jjameson jjameson 193 Aug  8  2019 .bash_profile
-rw-r--r--. 1 jjameson jjameson 231 Aug  8  2019 .bashrc
drwx------  2 jjameson jjameson  60 May 11 08:56 .gnupg
-rw-rw-r--  1 jjameson jjameson  33 Dec 15 19:47 user.txt

[1;33m[+] [1;32mFiles inside others home (limit 20)
[0m
[1;33m[+] [1;32mLooking for installed mail applications
[0mmailq.postfix
newaliases.postfix
rmail.postfix
postfix
postfix
sendmail
sendmail.postfix
mailq.postfix
newaliases.postfix
rmail.postfix
postfix
sendmail
sendmail.postfix

[1;33m[+] [1;32mMails (limit 50)
[0m/var/mail/jjameson
/var/spool/mail/jjameson

[1;33m[+] [1;32mBackup files?
[0m-rw-r--r-- 1 root root 32791 Jan 14 18:27 /var/log/dmesg[1;31m.old[0m
-rw-r--r--. 1 root root 1938 Aug  6  2019 /etc/nsswitch.conf[1;31m.bak[0m

[1;33m[+] [1;32mLooking for tables inside readable .db/.sqlite files (limit 100)
[0m[1;32m -> Extracting tables from[0m /etc/pki/nssdb/cert8.db [1;90m(limit 20)
[0m[1;32m -> Extracting tables from[0m /etc/pki/nssdb/cert9.db [1;90m(limit 20)
[0m
[1;32m -> Extracting tables from[0m /etc/pki/nssdb/key3.db [1;90m(limit 20)
[0m[1;32m -> Extracting tables from[0m /etc/pki/nssdb/key4.db [1;90m(limit 20)
[0m
[1;32m -> Extracting tables from[0m /etc/pki/nssdb/secmod.db [1;90m(limit 20)
[0m[1;32m -> Extracting tables from[0m /etc/openldap/certs/secmod.db [1;90m(limit 20)
[0m[1;32m -> Extracting tables from[0m /etc/openldap/certs/cert8.db [1;90m(limit 20)
[0m[1;32m -> Extracting tables from[0m /etc/openldap/certs/key3.db [1;90m(limit 20)
[0m[1;32m -> Extracting tables from[0m /etc/aliases.db [1;90m(limit 20)
[0m
[1;33m[+] [1;32mWeb files?(output limit)
[0m/var/www/:
total 4.0K
drwxr-xr-x.  4 root   root     33 Dec 14 15:04 .
drwxr-xr-x. 20 root   root    278 Dec 14 15:04 ..
drwxr-xr-x.  2 root   root      6 Aug  8  2019 cgi-bin
drwxr-xr-x. 17 apache apache 4.0K Dec 14 15:46 html

/var/www/cgi-bin:
total 0
drwxr-xr-x. 2 root root  6 Aug  8  2019 .

[1;33m[+] [1;32mReadable *_history, .sudo_as_admin_successful, profile, bashrc, httpd.conf, .plan, .htpasswd, .gitconfig, .git-credentials, .git, .svn, .rhosts, hosts.equiv, Dockerfile, docker-compose.yml
[0m[1;34m[i] [1;33mhttps://book.hacktricks.xyz/linux-unix/privilege-escalation#read-sensitive-data
[0m-rw-r--r--. 1 [1;31mroot[0m [1;31mroot[0m 2853 Oct 30  2018 /etc/[1;31mbashrc[0m
-rw-r--r--. 1 [1;31mroot[0m [1;31mroot[0m 231 Aug  8  2019 /etc/skel/.[1;31mbashrc[0m
-rw-r--r--. 1 [1;31mroot[0m [1;31mroot[0m 11753 Aug  6  2019 /etc/[1;31mhttpd/conf[0m/httpd.conf
[1;32mReading /etc/httpd/conf/httpd.conf
[0mServerRoot "/etc/httpd"
Listen 80
Include conf.modules.d/*.conf
User apache
Group apache
ServerAdmin root@localhost
<Directory />
    AllowOverride none
    Require all denied
</Directory>
DocumentRoot "/var/www/html"
<Directory "/var/www">
    AllowOverride None
    Require all granted
</Directory>
<Directory "/var/www/html">
    Options Indexes FollowSymLinks
    AllowOverride None
    Require all granted
</Directory>
<IfModule dir_module>
    DirectoryIndex index.html
</IfModule>
<Files ".ht*">
    Require all denied
</Files>
ErrorLog "logs/error_log"
LogLevel warn
<IfModule log_config_module>
    LogFormat "%h %l %u %t \"%r\" %>s %b \"%{Referer}i\" \"%{User-Agent}i\"" combined
    LogFormat "%h %l %u %t \"%r\" %>s %b" common
    <IfModule logio_module>
      LogFormat "%h %l %u %t \"%r\" %>s %b \"%{Referer}i\" \"%{User-Agent}i\" %I %O" combinedio
    </IfModule>
    CustomLog "logs/access_log" combined
</IfModule>
<IfModule alias_module>
    ScriptAlias /cgi-bin/ "/var/www/cgi-bin/"
</IfModule>
<Directory "/var/www/cgi-bin">
    AllowOverride None
    Options None
    Require all granted
</Directory>
<IfModule mime_module>
    TypesConfig /etc/mime.types
    AddType application/x-compress .Z
    AddType application/x-gzip .gz .tgz
    AddType text/html .shtml
    AddOutputFilter INCLUDES .shtml
</IfModule>
AddDefaultCharset UTF-8
<IfModule mime_magic_module>
    MIMEMagicFile conf/magic
</IfModule>
EnableSendfile on
IncludeOptional conf.d/*.conf

-rw-r--r--. 1 [1;96m[1;95mjjameson[0m[0m [1;96m[1;95mjjameson[0m[0m 231 Aug  8  2019 /home/[1;96m[1;95mjjameson[0m[0m/.[1;31mbashrc[0m
lrwxrwxrwx 1 [1;96m[1;95mjjameson[0m[0m [1;96m[1;95mjjameson[0m[0m 9 Dec 14 15:41 /home/[1;96m[1;95mjjameson[0m[0m/.bash[1;31m_history[0m -> /dev/null
[1;32mLooking for possible passwords inside /home/jjameson/.bash_history
[0m
-rw-r--r--. 1 [1;31mroot[0m [1;31mroot[0m 77 Aug  6  2019 /usr/lib/tmpfiles.d/[1;31mhttpd.conf[0m
[1;32mReading /usr/lib/tmpfiles.d/httpd.conf
[0md /run/httpd   710 root apache
d /run/httpd/htcacheclean   700 apache apache


[1;33m[+] [1;32mAll hidden files (not in /sys/ or the ones listed in the previous check) (limit 70)
[0m-rw-r--r--. 1 root root 167 Aug  7  2019 /boot/.vmlinuz-3.10.0-1062.el7.x86_64.hmac
-rw-r--r-- 1 root root 0 May 11 06:46 /run/initramfs/.need_shutdown
-rw-r--r--. 1 root root 18 Aug  8  2019 /etc/skel/.bash_logout
-rw-r--r--. 1 root root 193 Aug  8  2019 /etc/skel/.bash_profile
-rw-r--r--. 1 root root 129 Aug  8  2019 /etc/selinux/targeted/.policy.sha512
-rw-------. 1 root root 0 Dec 14 13:58 /etc/.pwd.lock
-rw-r--r--. 1 root root 163 Dec 14 13:57 /etc/.updated
-rw-r--r--. 1 root root 0 Dec 14 13:56 /var/lib/rpm/.dbenv.lock
-rw-r--r--. 1 root root 0 Dec 14 13:57 /var/lib/rpm/.rpm.lock
-rw-r--r--. 1 root root 0 Dec 14 15:04 /var/cache/yum/x86_64/7/.gpgkeyschecked.yum
-rw-r--r--. 1 root root 163 Dec 14 13:57 /var/.updated
-rwxr-xr-x. 1 apache apache 150 Apr 25  2017 /var/www/html/libraries/vendor/.htaccess
-rw-r--r--. 1 root root 65 Aug  2  2017 /usr/lib64/.libgcrypt.so.11.hmac
-rw-r--r--. 1 root root 65 Aug  8  2019 /usr/lib64/.libcrypto.so.1.0.2k.hmac
-rw-r--r--. 1 root root 65 Aug  8  2019 /usr/lib64/.libssl.so.1.0.2k.hmac
-rw-r--r--. 1 root root 40 Aug  8  2019 /usr/share/man/man1/..1.gz
-rw-r--r--. 1 root root 42 Jan 29  2019 /usr/share/man/man5/.k5identity.5.gz
-rw-r--r--. 1 root root 39 Jan 29  2019 /usr/share/man/man5/.k5login.5.gz
-rw-r--r--. 1 root root 2328 Apr 23  2013 /usr/share/kde4/apps/kdm/themes/CentOS7/.colorlsCZ1
-rw-r--r--. 1 jjameson jjameson 18 Aug  8  2019 /home/jjameson/.bash_logout
-rw-r--r--. 1 jjameson jjameson 193 Aug  8  2019 /home/jjameson/.bash_profile
-rw-r--r-- 1 root root 0 Dec 14 15:40 /.autorelabel

[1;33m[+] [1;32mReadable files inside /tmp, /var/tmp, /var/backups(limit 70)
[0m-rw-r--r-- 1 jjameson jjameson 3736 Sep  9  2019 /var/tmp/yum-jjameson-nR2P8j/x86_64/7/base/repomd.xml
-rw-r--r-- 1 jjameson jjameson 0 Dec 15 19:56 /var/tmp/yum-jjameson-nR2P8j/x86_64/7/base/cachecookie
-rw-r--r-- 1 jjameson jjameson 543 Dec 15 19:54 /var/tmp/yum-jjameson-nR2P8j/x86_64/7/base/mirrorlist.txt
-rw-r--r-- 1 jjameson jjameson 5479 Dec 15 03:11 /var/tmp/yum-jjameson-nR2P8j/x86_64/7/epel/repomd.xml
-rw-r--r-- 1 jjameson jjameson 0 Dec 15 19:56 /var/tmp/yum-jjameson-nR2P8j/x86_64/7/epel/cachecookie
-rw-r--r-- 1 jjameson jjameson 18150 Dec 15 19:56 /var/tmp/yum-jjameson-nR2P8j/x86_64/7/epel/metalink.xml
-rw-r--r-- 1 jjameson jjameson 2993 Oct 22  2019 /var/tmp/yum-jjameson-nR2P8j/x86_64/7/extras/repomd.xml
-rw-r--r-- 1 jjameson jjameson 0 Dec 15 19:56 /var/tmp/yum-jjameson-nR2P8j/x86_64/7/extras/cachecookie
-rw-r--r-- 1 jjameson jjameson 568 Dec 15 19:54 /var/tmp/yum-jjameson-nR2P8j/x86_64/7/extras/mirrorlist.txt
-rw-r--r-- 1 jjameson jjameson 3097 Dec 14 01:34 /var/tmp/yum-jjameson-nR2P8j/x86_64/7/remi-php56/repomd.xml
-rw-r--r-- 1 jjameson jjameson 0 Dec 15 19:56 /var/tmp/yum-jjameson-nR2P8j/x86_64/7/remi-php56/cachecookie
-rw-r--r-- 1 jjameson jjameson 3056 Dec 15 19:54 /var/tmp/yum-jjameson-nR2P8j/x86_64/7/remi-php56/mirrorlist.txt
-rw-r--r-- 1 jjameson jjameson 3106 Dec 15 03:16 /var/tmp/yum-jjameson-nR2P8j/x86_64/7/remi-safe/repomd.xml
-rw-r--r-- 1 jjameson jjameson 0 Dec 15 19:56 /var/tmp/yum-jjameson-nR2P8j/x86_64/7/remi-safe/cachecookie
-rw-r--r-- 1 jjameson jjameson 3121 Dec 15 19:54 /var/tmp/yum-jjameson-nR2P8j/x86_64/7/remi-safe/mirrorlist.txt
-rw-r--r-- 1 jjameson jjameson 3007 Dec 12 10:31 /var/tmp/yum-jjameson-nR2P8j/x86_64/7/updates/repomd.xml
-rw-r--r-- 1 jjameson jjameson 0 Dec 15 19:56 /var/tmp/yum-jjameson-nR2P8j/x86_64/7/updates/cachecookie
-rw-r--r-- 1 jjameson jjameson 602 Dec 15 19:54 /var/tmp/yum-jjameson-nR2P8j/x86_64/7/updates/mirrorlist.txt

[1;33m[+] [1;32mInteresting writable files owned by me or writable by everyone (not in Home)
[0m[1;34m[i] [1;33mhttps://book.hacktricks.xyz/linux-unix/privilege-escalation#writable-files
[0m/dev/mqueue
/dev/mqueue/linpeas.txt16357
/dev/mqueue/linpeas.txt25533
/dev/mqueue/linpeas.txt5785
/dev/shm
/dev/shm/linpeas.log
/dev/shm/linpeas[1;31m.sh[0m
/home/jjameson
/run/user/1000
/tmp
/tmp/.font-unix
/tmp/.ICE-unix
/tmp/.Test-unix
/tmp/.X11-unix
/tmp/.XIM-unix
/var/spool/mail/jjameson
/var/tmp
/var/tmp/yum-jjameson-nR2P8j
/var/tmp/yum-jjameson-nR2P8j/x86_64
/var/tmp/yum-jjameson-nR2P8j/x86_64/7
/var/tmp/yum-jjameson-nR2P8j/x86_64/7/base
/var/tmp/yum-jjameson-nR2P8j/x86_64/7/base/cachecookie
/var/tmp/yum-jjameson-nR2P8j/x86_64/7/base/gen
/var/tmp/yum-jjameson-nR2P8j/x86_64/7/base/mirrorlist.txt
/var/tmp/yum-jjameson-nR2P8j/x86_64/7/base/packages
/var/tmp/yum-jjameson-nR2P8j/x86_64/7/base/repomd.xml
/var/tmp/yum-jjameson-nR2P8j/x86_64/7/epel
/var/tmp/yum-jjameson-nR2P8j/x86_64/7/epel/cachecookie
/var/tmp/yum-jjameson-nR2P8j/x86_64/7/epel/gen
/var/tmp/yum-jjameson-nR2P8j/x86_64/7/epel/metalink.xml
/var/tmp/yum-jjameson-nR2P8j/x86_64/7/epel/packages
/var/tmp/yum-jjameson-nR2P8j/x86_64/7/epel/repomd.xml
/var/tmp/yum-jjameson-nR2P8j/x86_64/7/extras
/var/tmp/yum-jjameson-nR2P8j/x86_64/7/extras/cachecookie
/var/tmp/yum-jjameson-nR2P8j/x86_64/7/extras/gen
/var/tmp/yum-jjameson-nR2P8j/x86_64/7/extras/mirrorlist.txt
/var/tmp/yum-jjameson-nR2P8j/x86_64/7/extras/packages
/var/tmp/yum-jjameson-nR2P8j/x86_64/7/extras/repomd.xml
/var/tmp/yum-jjameson-nR2P8j/x86_64/7/remi-php56
/var/tmp/yum-jjameson-nR2P8j/x86_64/7/remi-php56/cachecookie
/var/tmp/yum-jjameson-nR2P8j/x86_64/7/remi-php56/gen
/var/tmp/yum-jjameson-nR2P8j/x86_64/7/remi-php56/mirrorlist.txt
/var/tmp/yum-jjameson-nR2P8j/x86_64/7/remi-php56/packages
/var/tmp/yum-jjameson-nR2P8j/x86_64/7/remi-php56/repomd.xml
/var/tmp/yum-jjameson-nR2P8j/x86_64/7/remi-safe
/var/tmp/yum-jjameson-nR2P8j/x86_64/7/remi-safe/cachecookie
/var/tmp/yum-jjameson-nR2P8j/x86_64/7/remi-safe/gen
/var/tmp/yum-jjameson-nR2P8j/x86_64/7/remi-safe/mirrorlist.txt
/var/tmp/yum-jjameson-nR2P8j/x86_64/7/remi-safe/packages
/var/tmp/yum-jjameson-nR2P8j/x86_64/7/remi-safe/repomd.xml
/var/tmp/yum-jjameson-nR2P8j/x86_64/7/updates
/var/tmp/yum-jjameson-nR2P8j/x86_64/7/updates/cachecookie
/var/tmp/yum-jjameson-nR2P8j/x86_64/7/updates/gen
/var/tmp/yum-jjameson-nR2P8j/x86_64/7/updates/mirrorlist.txt
/var/tmp/yum-jjameson-nR2P8j/x86_64/7/updates/packages
/var/tmp/yum-jjameson-nR2P8j/x86_64/7/updates/repomd.xml

[1;33m[+] [1;32mInteresting GROUP writable files (not in Home)
[0m[1;34m[i] [1;33mhttps://book.hacktricks.xyz/linux-unix/privilege-escalation#writable-files
[0m  Group [1;32mjjameson:
[0m/dev/mqueue/linpeas.txt25533

[1;33m[+] [1;32mSearching passwords in config PHP files
[0m	public $[1;31mpassword[0m = 'nv5uz9r3ZEDzVjNu';

[1;33m[+] [1;32mFinding IPs inside logs (limit 70)
[0m
[1;33m[+] [1;32mFinding passwords inside logs (limit 70)
[0m
[1;33m[+] [1;32mFinding emails inside logs (limit 70)
[0m      1 /var/log/dmesg.old:mockbuild@kbuilder.bsys.centos.org
      1 /var/log/dmesg.old:[1;32mdm-devel@redhat.com[0m
      1 /var/log/dmesg:mockbuild@kbuilder.bsys.centos.org
      1 /var/log/dmesg:[1;32mdm-devel@redhat.com[0m

[1;33m[+] [1;32mFinding *password* or *credential* files in home (limit 70)
[0m
[1;33m[+] [1;32mFinding 'pwd' or 'passw' variables inside /home /var/www /var/backups /tmp /etc /root /mnt (limit 70)
[0m/etc/alternatives/mysqlbug:[1;31mPASSW[0mD="cat /etc/[1;31mpassw[0md"
/etc/alternatives/mysqlbug:  $[1;31mPASSW[0mD | grep "^$LOGNAME:" | awk -F: '{print $5}' | sed -e 's/,.*//' > $TEMP
/etc/nsswitch.conf.bak:[1;31mpassw[0md:     files sss
/etc/nsswitch.conf:[1;31mpassw[0md:     files sss
/etc/php.ini:; Define the anonymous ftp [1;31mpassw[0mord (your email address). PHP's default setting
/etc/security/namespace.init:                gid=$(echo "$[1;31mpassw[0md" | cut -f4 -d":")
/etc/security/namespace.init:        homedir=$(echo "$[1;31mpassw[0md" | cut -f6 -d":")
/etc/security/namespace.init:        [1;31mpassw[0md=$(getent [1;31mpassw[0md "$user")
/etc/selinux/semanage.conf:use[1;31mpassw[0md=False
/etc/selinux/targeted/contexts/files/file_contexts:/bin/systemd-tty-ask-[1;31mpassw[0mord-agent	--	system_u:object_r:systemd_[1;31mpassw[0md_agent_exec_t:s0
/etc/selinux/targeted/contexts/files/file_contexts:/etc/dovecot\.[1;31mpassw[0md.*	system_u:object_r:dovecot_[1;31mpassw[0md_t:s0
/etc/selinux/targeted/contexts/files/file_contexts:/etc/group\.lock	--	system_u:object_r:[1;31mpassw[0md_file_t:s0
/etc/selinux/targeted/contexts/files/file_contexts:/etc/group[-\+]?	--	system_u:object_r:[1;31mpassw[0md_file_t:s0
/etc/selinux/targeted/contexts/files/file_contexts:/etc/[1;31mpassw[0md\.adjunct.*	--	system_u:object_r:[1;31mpassw[0md_file_t:s0
/etc/selinux/targeted/contexts/files/file_contexts:/etc/[1;31mpassw[0md\.lock	--	system_u:object_r:[1;31mpassw[0md_file_t:s0
/etc/selinux/targeted/contexts/files/file_contexts:/etc/[1;31mpassw[0md\.OLD	--	system_u:object_r:[1;31mpassw[0md_file_t:s0
/etc/selinux/targeted/contexts/files/file_contexts:/etc/[1;31mpassw[0md[-\+]?	--	system_u:object_r:[1;31mpassw[0md_file_t:s0
/etc/selinux/targeted/contexts/files/file_contexts:/etc/ptmptmp	--	system_u:object_r:[1;31mpassw[0md_file_t:s0
/etc/selinux/targeted/contexts/files/file_contexts:/etc/\.[1;31mpwd[0m\.lock	--	system_u:object_r:[1;31mpassw[0md_file_t:s0
/etc/selinux/targeted/contexts/files/file_contexts:/etc/rc\.d/init\.d/yp[1;31mpassw[0md	--	system_u:object_r:nis_initrc_exec_t:s0
/etc/selinux/targeted/contexts/files/file_contexts:/etc/samba/smb[1;31mpassw[0md	--	system_u:object_r:samba_secrets_t:s0
/etc/selinux/targeted/contexts/files/file_contexts:/etc/security/o[1;31mpassw[0md\.old	--	system_u:object_r:shadow_t:s0
/etc/selinux/targeted/contexts/files/file_contexts:/etc/security/o[1;31mpassw[0md	--	system_u:object_r:shadow_t:s0
/etc/selinux/targeted/contexts/files/file_contexts:/opt/vmware/(workstation|player)/bin/vmware-smb[1;31mpassw[0md	--	system_u:object_r:vmware_host_exec_t:s0
/etc/selinux/targeted/contexts/files/file_contexts:/sbin/unix_chk[1;31mpwd[0m	--	system_u:object_r:chk[1;31mpwd[0m_exec_t:s0
/etc/selinux/targeted/contexts/files/file_contexts:/sbin/unix_update	--	system_u:object_r:upd[1;31mpwd[0m_exec_t:s0
/etc/selinux/targeted/contexts/files/file_contexts:/sbin/unix_verify	--	system_u:object_r:chk[1;31mpwd[0m_exec_t:s0
/etc/selinux/targeted/contexts/files/file_contexts:/usr/bin/chage	--	system_u:object_r:[1;31mpassw[0md_exec_t:s0
/etc/selinux/targeted/contexts/files/file_contexts:/usr/bin/g[1;31mpassw[0md	--	system_u:object_r:groupadd_exec_t:s0
/etc/selinux/targeted/contexts/files/file_contexts:/usr/bin/[1;31mpassw[0md	--	system_u:object_r:[1;31mpassw[0md_exec_t:s0
/etc/selinux/targeted/contexts/files/file_contexts:/usr/bin/systemd-gnome-ask-[1;31mpassw[0mord-agent	--	system_u:object_r:systemd_[1;31mpassw[0md_agent_exec_t:s0
/etc/selinux/targeted/contexts/files/file_contexts:/usr/bin/systemd-tty-ask-[1;31mpassw[0mord-agent	--	system_u:object_r:systemd_[1;31mpassw[0md_agent_exec_t:s0
/etc/selinux/targeted/contexts/files/file_contexts:/usr/bin/vigr	--	system_u:object_r:admin_[1;31mpassw[0md_exec_t:s0
/etc/selinux/targeted/contexts/files/file_contexts:/usr/bin/vipw	--	system_u:object_r:admin_[1;31mpassw[0md_exec_t:s0
/etc/selinux/targeted/contexts/files/file_contexts:/usr/bin/vmware-smb[1;31mpassw[0md\.bin	--	system_u:object_r:vmware_host_exec_t:s0
/etc/selinux/targeted/contexts/files/file_contexts:/usr/bin/vmware-smb[1;31mpassw[0md	--	system_u:object_r:vmware_host_exec_t:s0
/etc/selinux/targeted/contexts/files/file_contexts:/usr/libexec/httpd-ssl-pass-dialog	--	system_u:object_r:httpd_[1;31mpassw[0md_exec_t:s0
/etc/selinux/targeted/contexts/files/file_contexts:/usr/lib/systemd/system/yp[1;31mpassw[0mdd.*	--	system_u:object_r:nis_unit_file_t:s0
/etc/selinux/targeted/contexts/files/file_contexts:/usr/sbin/ch[1;31mpassw[0md	--	system_u:object_r:[1;31mpassw[0md_exec_t:s0
/etc/selinux/targeted/contexts/files/file_contexts:/usr/sbin/g[1;31mpassw[0md	--	system_u:object_r:groupadd_exec_t:s0
/etc/selinux/targeted/contexts/files/file_contexts:/usr/sbin/grpconv	--	system_u:object_r:admin_[1;31mpassw[0md_exec_t:s0
/etc/selinux/targeted/contexts/files/file_contexts:/usr/sbin/grpunconv	--	system_u:object_r:admin_[1;31mpassw[0md_exec_t:s0
/etc/selinux/targeted/contexts/files/file_contexts:/usr/sbin/pwconv	--	system_u:object_r:admin_[1;31mpassw[0md_exec_t:s0
/etc/selinux/targeted/contexts/files/file_contexts:/usr/sbin/pwhistory_helper	--	system_u:object_r:upd[1;31mpwd[0m_exec_t:s0
/etc/selinux/targeted/contexts/files/file_contexts:/usr/sbin/pwunconv	--	system_u:object_r:admin_[1;31mpassw[0md_exec_t:s0
/etc/selinux/targeted/contexts/files/file_contexts:/usr/sbin/rpc\.yp[1;31mpassw[0mdd\.env	--	system_u:object_r:yp[1;31mpassw[0mdd_exec_t:s0
/etc/selinux/targeted/contexts/files/file_contexts:/usr/sbin/rpc\.yp[1;31mpassw[0mdd	--	system_u:object_r:yp[1;31mpassw[0mdd_exec_t:s0
/etc/selinux/targeted/contexts/files/file_contexts:/usr/sbin/unix_chk[1;31mpwd[0m	--	system_u:object_r:chk[1;31mpwd[0m_exec_t:s0
/etc/selinux/targeted/contexts/files/file_contexts:/usr/sbin/unix_update	--	system_u:object_r:upd[1;31mpwd[0m_exec_t:s0
/etc/selinux/targeted/contexts/files/file_contexts:/usr/sbin/unix_verify	--	system_u:object_r:chk[1;31mpwd[0m_exec_t:s0
/etc/selinux/targeted/contexts/files/file_contexts:/usr/sbin/validate	--	system_u:object_r:chk[1;31mpwd[0m_exec_t:s0
/etc/selinux/targeted/contexts/files/file_contexts:/usr/sbin/vigr	--	system_u:object_r:admin_[1;31mpassw[0md_exec_t:s0
/etc/selinux/targeted/contexts/files/file_contexts:/usr/sbin/vipw	--	system_u:object_r:admin_[1;31mpassw[0md_exec_t:s0
/etc/selinux/targeted/contexts/files/file_contexts:/var/run/systemd/ask-[1;31mpassw[0mord-block(/.*)?	system_u:object_r:systemd_[1;31mpassw[0md_var_run_t:s0
/etc/selinux/targeted/contexts/files/file_contexts:/var/run/systemd/ask-[1;31mpassw[0mord(/.*)?	system_u:object_r:systemd_[1;31mpassw[0md_var_run_t:s0
/etc/selinux/targeted/contexts/files/file_contexts:/var/run/yppass.*	--	system_u:object_r:yp[1;31mpassw[0mdd_var_run_t:s0
/etc/sysconfig/authconfig:[1;31mPASSW[0mDALGORITHM=sha512
/etc/sysconfig/authconfig:USE[1;31mPASSW[0mDQC=no
/var/www/html/administrator/components/com_config/model/application.php:						CURLOPT_PROXYUSER[1;31mPWD[0m => null,
/var/www/html/administrator/language/en-GB/en-GB.lib_joomla.ini:JLIB_CLIENT_ERROR_JFTP_[1;31mPWD[0m_BAD_RESPONSE_NATIVE="FTP: :[1;31mpwd[0m: Bad response."
/var/www/html/administrator/templates/hathor/html/mod_login/default.php:		<input name="[1;31mpassw[0md" id="mod-login-[1;31mpassw[0mord" type="[1;31mpassw[0mord" size="15" />
/var/www/html/language/en-GB/en-GB.lib_joomla.ini:JLIB_CLIENT_ERROR_JFTP_[1;31mPWD[0m_BAD_RESPONSE_NATIVE="FTP: :[1;31mpwd[0m: Bad response."
/var/www/html/libraries/fof/database/driver/sqlsrv.php:			'[1;31mpwd[0m' => $this->options['[1;31mpassw[0mord'],
/var/www/html/libraries/joomla/client/ftp.php:			if (($ret = @ftp_[1;31mpwd[0m($this->_conn)) === false)
/var/www/html/libraries/joomla/client/ftp.php:				JLog::add(JText::_('JLIB_CLIENT_ERROR_JFTP_[1;31mPWD[0m_BAD_RESPONSE_NATIVE'), JLog::WARNING, 'jerror');
/var/www/html/libraries/joomla/crypt/crypt.php:		if (!defined('[1;31mPASSW[0mORD_DEFAULT'))
/var/www/html/libraries/joomla/database/driver/sqlsrv.php:			'[1;31mpwd[0m' => $this->options['[1;31mpassw[0mord'],
/var/www/html/libraries/joomla/http/transport/curl.php:				$options[CURLOPT_PROXYUSER[1;31mPWD[0m] = $user . ':' . $config->get('proxy_pass');
/var/www/html/libraries/vendor/ircmaxell/[1;31mpassw[0mord-compat/lib/[1;31mpassw[0mord.php:        define('[1;31mPASSW[0mORD_BCRYPT', 1);
/var/www/html/libraries/vendor/ircmaxell/[1;31mpassw[0mord-compat/lib/[1;31mpassw[0mord.php:        define('[1;31mPASSW[0mORD_BCRYPT_DEFAULT_COST', 10);

[1;33m[+] [1;32mFinding possible password variables inside /home /var/www /var/backups /tmp /etc /root /mnt (limit 70)
[0m/etc/selinux/targeted/contexts/files/file_contexts.homedirs:/home/[^/]+/public_git(/.*)?	unconfined_u:object_r:[1;31mgit_user[0m_content_t:s0
/etc/selinux/targeted/contexts/files/file_contexts:/usr/lib/pgsql/test/regress(/.*)?	system_u:object_r:[1;31mpostgresql_db[0m_t:s0
/etc/selinux/targeted/contexts/files/file_contexts:/usr/share/jonas/pgsql(/.*)?	system_u:object_r:[1;31mpostgresql_db[0m_t:s0
/etc/selinux/targeted/contexts/files/file_contexts:/var/lib/pgsql(/.*)?	system_u:object_r:[1;31mpostgresql_db[0m_t:s0
/etc/selinux/targeted/contexts/files/file_contexts:/var/lib/postgres(ql)?(/.*)?	system_u:object_r:[1;31mpostgresql_db[0m_t:s0
/etc/selinux/targeted/contexts/files/file_contexts:/var/lib/sepgsql(/.*)?	system_u:object_r:[1;31mpostgresql_db[0m_t:s0
/etc/selinux/targeted/contexts/sepgsql_contexts:[1;31mdb_database[0m	*			system_u:object_r:sepgsql_db_t:s0
/var/www/html/administrator/components/com_admin/script.php:				. ' AND [1;31mclient_id[0m=' . $extension[3], 'OR'
/var/www/html/administrator/components/com_admin/script.php:				$data['[1;31mclient_id[0m']    = 1;
/var/www/html/administrator/components/com_admin/script.php:					->where($db->quoteName('[1;31mclient_id[0m') . ' = 1')
/var/www/html/administrator/components/com_admin/sql/updates/mysql/3.0.0.sql:			AND [1;31mclient_id[0m = 1) as c) = 0
/var/www/html/administrator/components/com_associations/models/associations.php:				->where($db->qn('a.[1;31mclient_id[0m') . ' = 0');
/var/www/html/administrator/components/com_banners/helpers/html/banner.php:				'<select name="batch[[1;31mclient_id[0m]" id="batch-client-id">',
/var/www/html/administrator/components/com_banners/models/banner.php:		'[1;31mclient_id[0m'   => 'batchClient',
/var/www/html/administrator/components/com_cache/views/cache/view.html.php:		if ($state->get('[1;31mclient_id[0m') == 1)
/var/www/html/administrator/components/com_categories/models/category.php:	protected function cleanCache($group = null, $[1;31mclient_id[0m = 0)
/var/www/html/administrator/components/com_content/models/article.php:	protected function cleanCache($group = null, $[1;31mclient_id[0m = 0)
/var/www/html/administrator/components/com_fields/models/field.php:	protected function cleanCache($group = null, $[1;31mclient_id[0m = 0)
/var/www/html/administrator/components/com_fields/models/group.php:	protected function cleanCache($group = null, $[1;31mclient_id[0m = 0)
/var/www/html/administrator/components/com_finder/models/filter.php:	protected function cleanCache($group = 'com_finder', $[1;31mclient_id[0m = 1)
/var/www/html/administrator/components/com_installer/models/discover.php:			$query->where($db->quoteName('[1;31mclient_id[0m') . ' = ' . (int) $clientId);
/var/www/html/administrator/components/com_installer/models/extension.php:			$path = $item->[1;31mclient_id[0m ? JPATH_ADMINISTRATOR : JPATH_SITE;
/var/www/html/administrator/components/com_installer/models/languages.php:			->where($db->qn('e.[1;31mclient_id[0m') . ' = 0')
/var/www/html/administrator/components/com_installer/models/manage.php:			$query->where('[1;31mclient_id[0m = ' . (int) $clientId);
/var/www/html/administrator/components/com_installer/models/update.php:			$query->where($db->quoteName('u.[1;31mclient_id[0m') . ' = ' . (int) $clientId);
/var/www/html/administrator/components/com_installer/models/updatesites.php:			$query->where('e.[1;31mclient_id[0m = ' . (int) $clientId);
/var/www/html/administrator/components/com_joomlaupdate/controllers/update.php:			'[1;31msecretkey[0m' => $this->input->post->get('[1;31msecretkey[0m', '', 'raw'),
/var/www/html/administrator/components/com_joomlaupdate/models/default.php:			$[1;31mftp_host[0m = $app->input->get('[1;31mftp_host[0m', '');
/var/www/html/administrator/components/com_joomlaupdate/models/default.php:			$[1;31mftp_user[0m = $app->input->get('[1;31mftp_user[0m', '');
/var/www/html/administrator/components/com_joomlaupdate/restore.php:		'[1;31mFTP_HOST[0m'                        => '(S)FTP host name:',
/var/www/html/administrator/components/com_joomlaupdate/restore.php:		'[1;31mFTP_USER[0m'                        => '(S)FTP user name:',
/var/www/html/administrator/components/com_joomlaupdate/restore.php:		'WRONG_[1;31mFTP_HOST[0m'                  => 'Wrong FTP host or port',
/var/www/html/administrator/components/com_joomlaupdate/restore.php:		'WRONG_[1;31mFTP_USER[0m'                  => 'Wrong FTP username or password',
/var/www/html/administrator/components/com_languages/controllers/installed.php:			if ($model->getState('[1;31mclient_id[0m') == 1)
/var/www/html/administrator/components/com_languages/helpers/multilangstatus.php:			->where('[1;31mclient_id[0m = 0');
/var/www/html/administrator/components/com_languages/helpers/multilangstatus.php:			->where($db->qn('[1;31mclient_id[0m') . ' = ' . $db->q('0'))
/var/www/html/administrator/components/com_languages/helpers/multilangstatus.php:			->where($db->qn('[1;31mclient_id[0m') . ' = ' . $db->q('0'));
/var/www/html/administrator/components/com_languages/helpers/multilangstatus.php:			->where('e.[1;31mclient_id[0m = 0')
/var/www/html/administrator/components/com_languages/models/installed.php:		// For [1;31mclient_id[0m = 1 do we need to check language table also?
/var/www/html/administrator/components/com_languages/models/installed.php:				if ($installedLanguage->[1;31mclient_id[0m !== $clientId)
/var/www/html/administrator/components/com_languages/models/installed.php:					$row->[1;31mclient_id[0m    = (int) $lang->[1;31mclient_id[0m;
/var/www/html/administrator/components/com_languages/models/installed.php:			->where('[1;31mclient_id[0m=' . (int) $client);
/var/www/html/administrator/components/com_languages/models/language.php:	protected function cleanCache($group = null, $[1;31mclient_id[0m = 0)
/var/www/html/administrator/components/com_languages/models/languages.php:	protected function cleanCache($group = null, $[1;31mclient_id[0m = 0)
/var/www/html/administrator/components/com_languages/views/installed/view.html.php:		if ((int) $this->state->get('[1;31mclient_id[0m') === 1)
/var/www/html/administrator/components/com_languages/views/installed/view.html.php:			if ($this->state->get('[1;31mclient_id[0m', 0) == 1)
/var/www/html/administrator/components/com_login/models/login.php:			'[1;31msecretkey[0m' => $input->$method->get('[1;31msecretkey[0m', '', 'RAW'),
/var/www/html/administrator/components/com_login/models/login.php:				->where('m.module =' . $db->quote($module) . ' AND m.[1;31mclient_id[0m = 1')
/var/www/html/administrator/components/com_menus/controllers/item.php:			$append   = '&[1;31mclient_id[0m=' . $clientId . $append;
/var/www/html/administrator/components/com_menus/helpers/menus.php:			$query->where('a.[1;31mclient_id[0m = ' . (int) $clientId);
/var/www/html/administrator/components/com_menus/helpers/menus.php:				$query->where('[1;31mclient_id[0m = ' . (int) $clientId);
/var/www/html/administrator/components/com_menus/models/item.php:			$data['[1;31mclient_id[0m'] = $menuType->[1;31mclient_id[0m;
/var/www/html/administrator/components/com_menus/models/item.php:		if ($table->get('[1;31mclient_id[0m') == 0 && JLanguageAssociations::isEnabled())
/var/www/html/administrator/components/com_menus/models/item.php:		if ($this->getState('item.[1;31mclient_id[0m') == 0 && JLanguageAssociations::isEnabled())
/var/www/html/administrator/components/com_menus/models/item.php:		if ($this->getState('item.[1;31mclient_id[0m') == 1)
/var/www/html/administrator/components/com_menus/models/item.php:	protected function cleanCache($group = null, $[1;31mclient_id[0m = 0)
/var/www/html/administrator/components/com_menus/models/item.php:			$table->[1;31mclient_id[0m = $this->getState('item.[1;31mclient_id[0m');
/var/www/html/administrator/components/com_menus/models/item.php:			->where('a.[1;31mclient_id[0m = ' . (int) $this->getState('item.[1;31mclient_id[0m'))
/var/www/html/administrator/components/com_menus/models/items.php:			->where('a.[1;31mclient_id[0m = ' . (int) $this->getState('filter.[1;31mclient_id[0m'));
/var/www/html/administrator/components/com_menus/models/items.php:				->where('[1;31mclient_id[0m = ' . (int) $this->getState('filter.[1;31mclient_id[0m'))
/var/www/html/administrator/components/com_menus/models/menu.php:	protected function cleanCache($group = null, $[1;31mclient_id[0m = 0)
/var/www/html/administrator/components/com_menus/models/menus.php:		$query->where('a.[1;31mclient_id[0m = ' . (int) $this->getState('[1;31mclient_id[0m'));
/var/www/html/administrator/components/com_menus/models/menus.php:			->where('e.[1;31mclient_id[0m = ' . (int) $this->getState('[1;31mclient_id[0m'));
/var/www/html/administrator/components/com_menus/views/items/tmpl/default.php:						<?php if ($this->state->get('filter.[1;31mclient_id[0m') == 0) : ?>
/var/www/html/administrator/components/com_menus/views/items/view.html.php:		if ($this->state->get('filter.[1;31mclient_id[0m') == 0)
/var/www/html/administrator/components/com_menus/views/menutypes/view.html.php:		if ($this->get('state')->get('[1;31mclient_id[0m') == 1)
/var/www/html/administrator/components/com_modules/helpers/html/modules.php:			->where($db->quoteName('[1;31mclient_id[0m') . ' = ' . (int) $clientId)
/var/www/html/administrator/components/com_modules/helpers/modules.php:			->where('[1;31mclient_id[0m = ' . (int) $clientId)
/var/www/html/administrator/components/com_modules/helpers/modules.php:			->where($db->quoteName('[1;31mclient_id[0m') . ' = ' . (int) $clientId)
/var/www/html/administrator/components/com_modules/helpers/modules.php:			->where('e.[1;31mclient_id[0m = ' . (int) $clientId)

[1;33m[+] [1;32mFinding 'username' string inside /home /var/www /var/backups /tmp /etc /root /mnt (limit 70)
[0m/etc/libuser.conf:LU_[1;31mUSERNAME[0m = %n
/var/www/html/administrator/components/com_admin/models/forms/profile.xml:		<field name="[1;31musername[0m" type="text"
/var/www/html/administrator/components/com_admin/models/profile.php:		$is[1;31mUsername[0mCompliant = $this->getState('user.[1;31musername[0m.compliant');
/var/www/html/administrator/components/com_admin/models/profile.php:		$is[1;31mUsername[0mCompliant = true;
/var/www/html/administrator/components/com_admin/models/profile.php:				|| trim($[1;31musername[0m) != $[1;31musername[0m);
/var/www/html/administrator/components/com_admin/models/profile.php:			$[1;31musername[0m = $this->loadFormData()->[1;31musername[0m;
/var/www/html/administrator/components/com_joomlaupdate/controllers/update.php:			'[1;31musername[0m'  => $this->input->post->get('[1;31musername[0m', '', '[1;31musername[0m'),
/var/www/html/administrator/components/com_joomlaupdate/models/default.php:		if ($user->[1;31musername[0m != $[1;31musername[0m)
/var/www/html/administrator/components/com_joomlaupdate/models/default.php:			'[1;31musername[0m'  => $config->get('ftp_user'),
/var/www/html/administrator/components/com_joomlaupdate/views/upload/tmpl/captive.php:						<label for="mod-login-[1;31musername[0m" class="element-invisible">
/var/www/html/administrator/components/com_login/models/login.php:			'[1;31musername[0m' => $input->$method->get('[1;31musername[0m', '', '[1;31mUSERNAME[0m'),
/var/www/html/administrator/components/com_media/views/medialist/tmpl/details.php:	<input type="hidden" name="[1;31musername[0m" value="" />
/var/www/html/administrator/components/com_media/views/medialist/tmpl/thumbs.php:		<input type="hidden" name="[1;31musername[0m" value="" />
/var/www/html/administrator/components/com_users/models/forms/user.xml:		<field name="[1;31musername[0m" type="text"
/var/www/html/administrator/components/com_users/models/users.php:			elseif (stripos($search, '[1;31musername[0m:') === 0)
/var/www/html/administrator/components/com_users/views/users/view.html.php:				'a.[1;31musername[0m' => JText::_('JGLOBAL_[1;31mUSERNAME[0m'),
/var/www/html/administrator/language/en-GB/en-GB.com_admin.ini:COM_ADMIN_USER_FIELD_[1;31mUSERNAME[0m_DESC="Enter the login name ([1;31mUsername[0m) for the user."
/var/www/html/administrator/language/en-GB/en-GB.com_admin.ini:COM_ADMIN_USER_FIELD_[1;31mUSERNAME[0m_LABEL="Login Name"
/var/www/html/administrator/language/en-GB/en-GB.com_config.ini:COM_CONFIG_FIELD_DATABASE_[1;31mUSERNAME[0m_LABEL="Database [1;31mUsername[0m"
/var/www/html/administrator/language/en-GB/en-GB.com_config.ini:COM_CONFIG_FIELD_FTP_[1;31mUSERNAME[0m_DESC="The [1;31musername[0m used to access the FTP server."
/var/www/html/administrator/language/en-GB/en-GB.com_config.ini:COM_CONFIG_FIELD_FTP_[1;31mUSERNAME[0m_LABEL="FTP [1;31mUsername[0m"
/var/www/html/administrator/language/en-GB/en-GB.com_config.ini:COM_CONFIG_FIELD_MAIL_SMTP_[1;31mUSERNAME[0m_LABEL="SMTP [1;31mUsername[0m"
/var/www/html/administrator/language/en-GB/en-GB.com_config.ini:COM_CONFIG_FIELD_PROXY_[1;31mUSERNAME[0m_DESC="The [1;31musername[0m used to access the Proxy server."
/var/www/html/administrator/language/en-GB/en-GB.com_config.ini:COM_CONFIG_FIELD_PROXY_[1;31mUSERNAME[0m_LABEL="Proxy [1;31mUsername[0m"
/var/www/html/administrator/language/en-GB/en-GB.com_joomlaupdate.ini:COM_JOOMLAUPDATE_VIEW_DEFAULT_FTP_[1;31mUSERNAME[0m="FTP [1;31mUsername[0m"
/var/www/html/administrator/language/en-GB/en-GB.com_users.ini:COM_USERS_CONFIG_FIELD_CHANGE[1;31mUSERNAME[0m_LABEL="Change [1;31mUsername[0m"
/var/www/html/administrator/language/en-GB/en-GB.com_users.ini:COM_USERS_HEADING_[1;31mUSERNAME[0m_ASC="[1;31mUsername[0m ascending"
/var/www/html/administrator/language/en-GB/en-GB.com_users.ini:COM_USERS_HEADING_[1;31mUSERNAME[0m_DESC="[1;31mUsername[0m descending"
/var/www/html/administrator/language/en-GB/en-GB.com_users.ini:COM_USERS_USER_FIELD_[1;31mUSERNAME[0m_DESC="Enter the login name ([1;31mUsername[0m) for the user."
/var/www/html/administrator/language/en-GB/en-GB.com_users.ini:COM_USERS_USER_FIELD_[1;31mUSERNAME[0m_LABEL="Login Name"
/var/www/html/administrator/language/en-GB/en-GB.ini:JGLOBAL_[1;31mUSERNAME[0m="[1;31mUsername[0m"
/var/www/html/administrator/language/en-GB/en-GB.lib_joomla.ini:JLIB_DATABASE_ERROR_[1;31mUSERNAME[0m_CANNOT_CHANGE="Can't use this [1;31musername[0m."
/var/www/html/administrator/language/en-GB/en-GB.lib_joomla.ini:JLIB_DATABASE_ERROR_[1;31mUSERNAME[0m_INUSE="[1;31mUsername[0m in use."
/var/www/html/administrator/language/en-GB/en-GB.plg_authentication_ldap.ini:PLG_LDAP_FIELD_[1;31mUSERNAME[0m_LABEL="Connect [1;31mUsername[0m"
/var/www/html/administrator/language/en-GB/en-GB.plg_system_log.ini:PLG_SYSTEM_LOG_FIELD_LOG_[1;31mUSERNAME[0m_LABEL="Log [1;31mUsername[0ms"
/var/www/html/administrator/modules/mod_login/tmpl/default.php:						<label for="mod-login-[1;31musername[0m" class="element-invisible">
/var/www/html/administrator/templates/isis/html/layouts/joomla/form/field/user.php:if ($this->escape($[1;31muserName[0m) === JText::_('JLIB_FORM_SELECT_USER'))
/var/www/html/administrator/templates/isis/html/layouts/joomla/form/field/user.php:	$[1;31muserName[0m = '';
/var/www/html/components/com_users/controllers/user.php:		$credentials['[1;31musername[0m']  = $data['[1;31musername[0m'];
/var/www/html/components/com_users/controllers/user.php:			$data['[1;31musername[0m'] = '';
/var/www/html/components/com_users/controllers/user.php:		$data['[1;31musername[0m']  = $input->$method->get('[1;31musername[0m', '', '[1;31mUSERNAME[0m');
/var/www/html/components/com_users/models/profile.php:		$is[1;31mUsername[0mCompliant = $this->getState('user.[1;31musername[0m.compliant');
/var/www/html/components/com_users/models/profile.php:		$is[1;31mUsername[0mCompliant = true;
/var/www/html/components/com_users/models/profile.php:				|| trim($[1;31musername[0m) != $[1;31musername[0m);
/var/www/html/components/com_users/models/profile.php:		$[1;31musername[0m = $loadData ? $form->getValue('[1;31musername[0m') : $this->loadFormData()->[1;31musername[0m;
/var/www/html/components/com_users/models/reset.php:			->where($db->quoteName('[1;31musername[0m') . ' = ' . $db->quote($data['[1;31musername[0m']));
/var/www/html/language/en-GB/en-GB.com_users.ini:COM_USERS_DESIRED_[1;31mUSERNAME[0m="Enter your desired [1;31musername[0m."
/var/www/html/language/en-GB/en-GB.com_users.ini:COM_USERS_EMAIL_[1;31mUSERNAME[0m_REMINDER_SUBJECT="Your %s [1;31musername[0m"
/var/www/html/language/en-GB/en-GB.com_users.ini:COM_USERS_FIELD_RESET_CONFIRM_[1;31mUSERNAME[0m_DESC="Enter your [1;31musername[0m."
/var/www/html/language/en-GB/en-GB.com_users.ini:COM_USERS_FIELD_RESET_CONFIRM_[1;31mUSERNAME[0m_LABEL="[1;31mUsername[0m"
/var/www/html/language/en-GB/en-GB.com_users.ini:COM_USERS_LOGIN_[1;31mUSERNAME[0m_LABEL="[1;31mUsername[0m"
/var/www/html/language/en-GB/en-GB.com_users.ini:COM_USERS_PROFILE_[1;31mUSERNAME[0m_DESC="Enter your desired [1;31musername[0m."
/var/www/html/language/en-GB/en-GB.com_users.ini:COM_USERS_PROFILE_[1;31mUSERNAME[0m_LABEL="[1;31mUsername[0m"
/var/www/html/language/en-GB/en-GB.com_users.ini:COM_USERS_REGISTER_[1;31mUSERNAME[0m_DESC="Enter your desired [1;31musername[0m."
/var/www/html/language/en-GB/en-GB.com_users.ini:COM_USERS_REGISTER_[1;31mUSERNAME[0m_LABEL="[1;31mUsername[0m"
/var/www/html/language/en-GB/en-GB.ini:JGLOBAL_[1;31mUSERNAME[0m="[1;31mUsername[0m"
/var/www/html/language/en-GB/en-GB.lib_joomla.ini:JLIB_DATABASE_ERROR_[1;31mUSERNAME[0m_CANNOT_CHANGE="Can't use this [1;31musername[0m."
/var/www/html/language/en-GB/en-GB.lib_joomla.ini:JLIB_DATABASE_ERROR_[1;31mUSERNAME[0m_INUSE="[1;31mUsername[0m in use."
/var/www/html/language/en-GB/en-GB.mod_login.ini:MOD_LOGIN_FORGOT_YOUR_[1;31mUSERNAME[0m="Forgot your [1;31musername[0m?"
/var/www/html/language/en-GB/en-GB.mod_login.ini:MOD_LOGIN_VALUE_[1;31mUSERNAME[0m="[1;31mUsername[0m"
/var/www/html/layouts/joomla/form/field/user.php:if ($this->escape($[1;31muserName[0m) === JText::_('JLIB_FORM_SELECT_USER'))
/var/www/html/layouts/joomla/form/field/user.php:	$[1;31muserName[0m = '';
/var/www/html/libraries/cms/application/administrator.php:	 * @param   array  $credentials  Array('[1;31musername[0m' => string, 'password' => string)
/var/www/html/libraries/cms/application/cms.php:			$options['[1;31musername[0m'] = $user->get('[1;31musername[0m');
/var/www/html/libraries/cms/application/cms.php:	 * @param   array  $credentials  Array('[1;31musername[0m' => string, 'password' => string)
/var/www/html/libraries/cms/application/cms.php:		$parameters['[1;31musername[0m'] = $user->get('[1;31musername[0m');
/var/www/html/libraries/cms/application/site.php:	 * @param   array  $credentials  Array('[1;31musername[0m' => string, 'password' => string)
/var/www/html/libraries/cms/form/field/user.php:			'[1;31muserName[0m'  => $name,
/var/www/html/libraries/fof/dispatcher/dispatcher.php:						'[1;31musername[0m'	 => $_SERVER['PHP_AUTH_USER'],
/var/www/html/libraries/fof/dispatcher/dispatcher.php:						'[1;31musername[0m'	 => $this->input->get('_fofauthentication_[1;31musername[0m', '', 'raw'),

[1;33m[+] [1;32mLooking for specific hashes inside files - less false positives (limit 70)
[0m/var/www/html/libraries/joomla/user/helper.php[1;31m:$2y$10$[0m
/var/www/html/libraries/vendor/ircmaxell/password-compat/lib/password.php[1;31m:$2y$04$usesomesillystringfore7hnbRJHxXVLeakoG8K30oukPsA.ztMG[0m

